{"C:\\Users\\coderkpc\\Desktop\\mymock\\src\\index.ts": {"path":"C:\\Users\\coderkpc\\Desktop\\mymock\\src\\index.ts","all":false,"statementMap":{"0":{"start":{"line":1,"column":0},"end":{"line":1,"column":79}},"1":{"start":{"line":2,"column":0},"end":{"line":2,"column":68}},"2":{"start":{"line":3,"column":0},"end":{"line":3,"column":8}},"3":{"start":{"line":4,"column":0},"end":{"line":4,"column":24}},"4":{"start":{"line":5,"column":0},"end":{"line":5,"column":26}},"5":{"start":{"line":6,"column":0},"end":{"line":6,"column":23}},"6":{"start":{"line":7,"column":0},"end":{"line":7,"column":25}},"7":{"start":{"line":8,"column":0},"end":{"line":8,"column":25}},"8":{"start":{"line":9,"column":0},"end":{"line":9,"column":17}},"9":{"start":{"line":10,"column":0},"end":{"line":10,"column":0}},"10":{"start":{"line":11,"column":0},"end":{"line":11,"column":12}},"11":{"start":{"line":12,"column":0},"end":{"line":12,"column":7}},"12":{"start":{"line":13,"column":0},"end":{"line":13,"column":15}},"13":{"start":{"line":14,"column":0},"end":{"line":14,"column":25}},"14":{"start":{"line":15,"column":0},"end":{"line":15,"column":7}},"15":{"start":{"line":16,"column":0},"end":{"line":16,"column":48}},"16":{"start":{"line":17,"column":0},"end":{"line":17,"column":44}},"17":{"start":{"line":18,"column":0},"end":{"line":18,"column":44}},"18":{"start":{"line":19,"column":0},"end":{"line":19,"column":29}},"19":{"start":{"line":20,"column":0},"end":{"line":20,"column":31}},"20":{"start":{"line":21,"column":0},"end":{"line":21,"column":6}},"21":{"start":{"line":22,"column":0},"end":{"line":22,"column":0}},"22":{"start":{"line":23,"column":0},"end":{"line":23,"column":7}},"23":{"start":{"line":24,"column":0},"end":{"line":24,"column":15}},"24":{"start":{"line":25,"column":0},"end":{"line":25,"column":26}},"25":{"start":{"line":26,"column":0},"end":{"line":26,"column":7}},"26":{"start":{"line":27,"column":0},"end":{"line":27,"column":53}},"27":{"start":{"line":28,"column":0},"end":{"line":28,"column":37}},"28":{"start":{"line":29,"column":0},"end":{"line":29,"column":37}},"29":{"start":{"line":30,"column":0},"end":{"line":30,"column":39}},"30":{"start":{"line":31,"column":0},"end":{"line":31,"column":33}},"31":{"start":{"line":32,"column":0},"end":{"line":32,"column":33}},"32":{"start":{"line":33,"column":0},"end":{"line":33,"column":35}},"33":{"start":{"line":34,"column":0},"end":{"line":34,"column":6}},"34":{"start":{"line":35,"column":0},"end":{"line":35,"column":0}},"35":{"start":{"line":36,"column":0},"end":{"line":36,"column":7}},"36":{"start":{"line":37,"column":0},"end":{"line":37,"column":38}},"37":{"start":{"line":38,"column":0},"end":{"line":38,"column":27}},"38":{"start":{"line":39,"column":0},"end":{"line":39,"column":15}},"39":{"start":{"line":40,"column":0},"end":{"line":40,"column":24}},"40":{"start":{"line":41,"column":0},"end":{"line":41,"column":23}},"41":{"start":{"line":42,"column":0},"end":{"line":42,"column":22}},"42":{"start":{"line":43,"column":0},"end":{"line":43,"column":61}},"43":{"start":{"line":44,"column":0},"end":{"line":44,"column":7}},"44":{"start":{"line":45,"column":0},"end":{"line":45,"column":64}},"45":{"start":{"line":46,"column":0},"end":{"line":46,"column":26}},"46":{"start":{"line":47,"column":0},"end":{"line":47,"column":30}},"47":{"start":{"line":48,"column":0},"end":{"line":48,"column":25}},"48":{"start":{"line":49,"column":0},"end":{"line":49,"column":10}},"49":{"start":{"line":50,"column":0},"end":{"line":50,"column":5}},"50":{"start":{"line":51,"column":0},"end":{"line":51,"column":0}},"51":{"start":{"line":52,"column":0},"end":{"line":52,"column":7}},"52":{"start":{"line":53,"column":0},"end":{"line":53,"column":31}},"53":{"start":{"line":54,"column":0},"end":{"line":54,"column":24}},"54":{"start":{"line":55,"column":0},"end":{"line":55,"column":24}},"55":{"start":{"line":56,"column":0},"end":{"line":56,"column":7}},"56":{"start":{"line":57,"column":0},"end":{"line":57,"column":46}},"57":{"start":{"line":58,"column":0},"end":{"line":58,"column":56}},"58":{"start":{"line":59,"column":0},"end":{"line":59,"column":40}},"59":{"start":{"line":60,"column":0},"end":{"line":60,"column":16}},"60":{"start":{"line":61,"column":0},"end":{"line":61,"column":49}},"61":{"start":{"line":62,"column":0},"end":{"line":62,"column":9}},"62":{"start":{"line":63,"column":0},"end":{"line":63,"column":5}},"63":{"start":{"line":64,"column":0},"end":{"line":64,"column":0}},"64":{"start":{"line":65,"column":0},"end":{"line":65,"column":7}},"65":{"start":{"line":66,"column":0},"end":{"line":66,"column":31}},"66":{"start":{"line":67,"column":0},"end":{"line":67,"column":22}},"67":{"start":{"line":68,"column":0},"end":{"line":68,"column":15}},"68":{"start":{"line":69,"column":0},"end":{"line":69,"column":102}},"69":{"start":{"line":70,"column":0},"end":{"line":70,"column":88}},"70":{"start":{"line":71,"column":0},"end":{"line":71,"column":92}},"71":{"start":{"line":72,"column":0},"end":{"line":72,"column":75}},"72":{"start":{"line":73,"column":0},"end":{"line":73,"column":87}},"73":{"start":{"line":74,"column":0},"end":{"line":74,"column":83}},"74":{"start":{"line":75,"column":0},"end":{"line":75,"column":7}},"75":{"start":{"line":76,"column":0},"end":{"line":76,"column":53}},"76":{"start":{"line":77,"column":0},"end":{"line":77,"column":41}},"77":{"start":{"line":78,"column":0},"end":{"line":78,"column":21}},"78":{"start":{"line":79,"column":0},"end":{"line":79,"column":23}},"79":{"start":{"line":80,"column":0},"end":{"line":80,"column":10}},"80":{"start":{"line":81,"column":0},"end":{"line":81,"column":61}},"81":{"start":{"line":82,"column":0},"end":{"line":82,"column":0}},"82":{"start":{"line":83,"column":0},"end":{"line":83,"column":15}},"83":{"start":{"line":84,"column":0},"end":{"line":84,"column":67}},"84":{"start":{"line":85,"column":0},"end":{"line":85,"column":27}},"85":{"start":{"line":86,"column":0},"end":{"line":86,"column":0}},"86":{"start":{"line":87,"column":0},"end":{"line":87,"column":21}},"87":{"start":{"line":88,"column":0},"end":{"line":88,"column":39}},"88":{"start":{"line":89,"column":0},"end":{"line":89,"column":60}},"89":{"start":{"line":90,"column":0},"end":{"line":90,"column":62}},"90":{"start":{"line":91,"column":0},"end":{"line":91,"column":70}},"91":{"start":{"line":92,"column":0},"end":{"line":92,"column":46}},"92":{"start":{"line":93,"column":0},"end":{"line":93,"column":63}},"93":{"start":{"line":94,"column":0},"end":{"line":94,"column":68}},"94":{"start":{"line":95,"column":0},"end":{"line":95,"column":47}},"95":{"start":{"line":96,"column":0},"end":{"line":96,"column":63}},"96":{"start":{"line":97,"column":0},"end":{"line":97,"column":44}},"97":{"start":{"line":98,"column":0},"end":{"line":98,"column":66}},"98":{"start":{"line":99,"column":0},"end":{"line":99,"column":44}},"99":{"start":{"line":100,"column":0},"end":{"line":100,"column":64}},"100":{"start":{"line":101,"column":0},"end":{"line":101,"column":58}},"101":{"start":{"line":102,"column":0},"end":{"line":102,"column":45}},"102":{"start":{"line":103,"column":0},"end":{"line":103,"column":55}},"103":{"start":{"line":104,"column":0},"end":{"line":104,"column":9}},"104":{"start":{"line":105,"column":0},"end":{"line":105,"column":19}},"105":{"start":{"line":106,"column":0},"end":{"line":106,"column":22}},"106":{"start":{"line":107,"column":0},"end":{"line":107,"column":5}},"107":{"start":{"line":108,"column":0},"end":{"line":108,"column":0}},"108":{"start":{"line":109,"column":0},"end":{"line":109,"column":7}},"109":{"start":{"line":110,"column":0},"end":{"line":110,"column":32}},"110":{"start":{"line":111,"column":0},"end":{"line":111,"column":22}},"111":{"start":{"line":112,"column":0},"end":{"line":112,"column":22}},"112":{"start":{"line":113,"column":0},"end":{"line":113,"column":7}},"113":{"start":{"line":114,"column":0},"end":{"line":114,"column":53}},"114":{"start":{"line":115,"column":0},"end":{"line":115,"column":33}},"115":{"start":{"line":116,"column":0},"end":{"line":116,"column":30}},"116":{"start":{"line":117,"column":0},"end":{"line":117,"column":57}},"117":{"start":{"line":118,"column":0},"end":{"line":118,"column":52}},"118":{"start":{"line":119,"column":0},"end":{"line":119,"column":51}},"119":{"start":{"line":120,"column":0},"end":{"line":120,"column":47}},"120":{"start":{"line":121,"column":0},"end":{"line":121,"column":47}},"121":{"start":{"line":122,"column":0},"end":{"line":122,"column":95}},"122":{"start":{"line":123,"column":0},"end":{"line":123,"column":57}},"123":{"start":{"line":124,"column":0},"end":{"line":124,"column":18}},"124":{"start":{"line":125,"column":0},"end":{"line":125,"column":59}},"125":{"start":{"line":126,"column":0},"end":{"line":126,"column":51}},"126":{"start":{"line":127,"column":0},"end":{"line":127,"column":35}},"127":{"start":{"line":128,"column":0},"end":{"line":128,"column":48}},"128":{"start":{"line":129,"column":0},"end":{"line":129,"column":50}},"129":{"start":{"line":130,"column":0},"end":{"line":130,"column":18}},"130":{"start":{"line":131,"column":0},"end":{"line":131,"column":60}},"131":{"start":{"line":132,"column":0},"end":{"line":132,"column":81}},"132":{"start":{"line":133,"column":0},"end":{"line":133,"column":57}},"133":{"start":{"line":134,"column":0},"end":{"line":134,"column":80}},"134":{"start":{"line":135,"column":0},"end":{"line":135,"column":57}},"135":{"start":{"line":136,"column":0},"end":{"line":136,"column":80}},"136":{"start":{"line":137,"column":0},"end":{"line":137,"column":65}},"137":{"start":{"line":138,"column":0},"end":{"line":138,"column":65}},"138":{"start":{"line":139,"column":0},"end":{"line":139,"column":13}},"139":{"start":{"line":140,"column":0},"end":{"line":140,"column":40}},"140":{"start":{"line":141,"column":0},"end":{"line":141,"column":30}},"141":{"start":{"line":142,"column":0},"end":{"line":142,"column":19}},"142":{"start":{"line":143,"column":0},"end":{"line":143,"column":107}},"143":{"start":{"line":144,"column":0},"end":{"line":144,"column":32}},"144":{"start":{"line":145,"column":0},"end":{"line":145,"column":60}},"145":{"start":{"line":146,"column":0},"end":{"line":146,"column":105}},"146":{"start":{"line":147,"column":0},"end":{"line":147,"column":65}},"147":{"start":{"line":148,"column":0},"end":{"line":148,"column":38}},"148":{"start":{"line":149,"column":0},"end":{"line":149,"column":45}},"149":{"start":{"line":150,"column":0},"end":{"line":150,"column":70}},"150":{"start":{"line":151,"column":0},"end":{"line":151,"column":78}},"151":{"start":{"line":152,"column":0},"end":{"line":152,"column":21}},"152":{"start":{"line":153,"column":0},"end":{"line":153,"column":34}},"153":{"start":{"line":154,"column":0},"end":{"line":154,"column":17}},"154":{"start":{"line":155,"column":0},"end":{"line":155,"column":58}},"155":{"start":{"line":156,"column":0},"end":{"line":156,"column":13}},"156":{"start":{"line":157,"column":0},"end":{"line":157,"column":19}},"157":{"start":{"line":158,"column":0},"end":{"line":158,"column":83}},"158":{"start":{"line":159,"column":0},"end":{"line":159,"column":55}},"159":{"start":{"line":160,"column":0},"end":{"line":160,"column":56}},"160":{"start":{"line":161,"column":0},"end":{"line":161,"column":74}},"161":{"start":{"line":162,"column":0},"end":{"line":162,"column":17}},"162":{"start":{"line":163,"column":0},"end":{"line":163,"column":30}},"163":{"start":{"line":164,"column":0},"end":{"line":164,"column":13}},"164":{"start":{"line":165,"column":0},"end":{"line":165,"column":55}},"165":{"start":{"line":166,"column":0},"end":{"line":166,"column":9}},"166":{"start":{"line":167,"column":0},"end":{"line":167,"column":44}},"167":{"start":{"line":168,"column":0},"end":{"line":168,"column":5}},"168":{"start":{"line":169,"column":0},"end":{"line":169,"column":1}},"169":{"start":{"line":170,"column":0},"end":{"line":170,"column":0}},"170":{"start":{"line":171,"column":0},"end":{"line":171,"column":20}}},"s":{"0":1,"1":1,"2":1,"3":1,"4":1,"5":1,"6":1,"7":1,"8":1,"9":1,"10":27,"11":27,"12":27,"13":27,"14":27,"15":27,"16":27,"17":27,"18":27,"19":27,"20":27,"21":27,"22":27,"23":27,"24":27,"25":27,"26":27,"27":27,"28":27,"29":27,"30":27,"31":27,"32":27,"33":27,"34":1,"35":1,"36":1,"37":1,"38":1,"39":1,"40":1,"41":1,"42":1,"43":1,"44":1,"45":1,"46":1,"47":1,"48":1,"49":1,"50":1,"51":1,"52":1,"53":1,"54":1,"55":1,"56":1,"57":3,"58":2,"59":3,"60":1,"61":1,"62":3,"63":1,"64":1,"65":1,"66":1,"67":1,"68":1,"69":1,"70":1,"71":1,"72":1,"73":1,"74":1,"75":1,"76":25,"77":25,"78":25,"79":25,"80":25,"81":25,"82":25,"83":25,"84":25,"85":25,"86":25,"87":25,"88":9,"89":9,"90":9,"91":25,"92":4,"93":4,"94":16,"95":3,"96":12,"97":3,"98":9,"99":3,"100":3,"101":2,"102":2,"103":2,"104":23,"105":23,"106":25,"107":1,"108":1,"109":1,"110":1,"111":1,"112":1,"113":1,"114":25,"115":19,"116":19,"117":19,"118":8,"119":8,"120":8,"121":8,"122":8,"123":8,"124":19,"125":3,"126":3,"127":3,"128":3,"129":3,"130":10,"131":2,"132":7,"133":2,"134":5,"135":2,"136":3,"137":1,"138":1,"139":25,"140":5,"141":5,"142":5,"143":3,"144":3,"145":1,"146":3,"147":1,"148":1,"149":1,"150":5,"151":5,"152":1,"153":1,"154":1,"155":1,"156":2,"157":2,"158":1,"159":1,"160":2,"161":2,"162":1,"163":1,"164":1,"165":1,"166":1,"167":25,"168":1,"169":1,"170":1},"branchMap":{"0":{"type":"branch","line":11,"loc":{"start":{"line":11,"column":0},"end":{"line":34,"column":6}},"locations":[{"start":{"line":11,"column":0},"end":{"line":34,"column":6}}]},"1":{"type":"branch","line":45,"loc":{"start":{"line":45,"column":11},"end":{"line":50,"column":5}},"locations":[{"start":{"line":45,"column":11},"end":{"line":50,"column":5}}]},"2":{"type":"branch","line":57,"loc":{"start":{"line":57,"column":11},"end":{"line":63,"column":5}},"locations":[{"start":{"line":57,"column":11},"end":{"line":63,"column":5}}]},"3":{"type":"branch","line":58,"loc":{"start":{"line":58,"column":55},"end":{"line":60,"column":15}},"locations":[{"start":{"line":58,"column":55},"end":{"line":60,"column":15}}]},"4":{"type":"branch","line":60,"loc":{"start":{"line":60,"column":8},"end":{"line":62,"column":9}},"locations":[{"start":{"line":60,"column":8},"end":{"line":62,"column":9}}]},"5":{"type":"branch","line":76,"loc":{"start":{"line":76,"column":11},"end":{"line":107,"column":5}},"locations":[{"start":{"line":76,"column":11},"end":{"line":107,"column":5}}]},"6":{"type":"branch","line":88,"loc":{"start":{"line":88,"column":38},"end":{"line":92,"column":19}},"locations":[{"start":{"line":88,"column":38},"end":{"line":92,"column":19}}]},"7":{"type":"branch","line":89,"loc":{"start":{"line":89,"column":32},"end":{"line":89,"column":58}},"locations":[{"start":{"line":89,"column":32},"end":{"line":89,"column":58}}]},"8":{"type":"branch","line":89,"loc":{"start":{"line":89,"column":54},"end":{"line":89,"column":60}},"locations":[{"start":{"line":89,"column":54},"end":{"line":89,"column":60}}]},"9":{"type":"branch","line":90,"loc":{"start":{"line":90,"column":32},"end":{"line":90,"column":58}},"locations":[{"start":{"line":90,"column":32},"end":{"line":90,"column":58}}]},"10":{"type":"branch","line":90,"loc":{"start":{"line":90,"column":54},"end":{"line":90,"column":62}},"locations":[{"start":{"line":90,"column":54},"end":{"line":90,"column":62}}]},"11":{"type":"branch","line":91,"loc":{"start":{"line":91,"column":42},"end":{"line":91,"column":68}},"locations":[{"start":{"line":91,"column":42},"end":{"line":91,"column":68}}]},"12":{"type":"branch","line":91,"loc":{"start":{"line":91,"column":64},"end":{"line":91,"column":70}},"locations":[{"start":{"line":91,"column":64},"end":{"line":91,"column":70}}]},"13":{"type":"branch","line":92,"loc":{"start":{"line":92,"column":8},"end":{"line":104,"column":9}},"locations":[{"start":{"line":92,"column":8},"end":{"line":104,"column":9}}]},"14":{"type":"branch","line":92,"loc":{"start":{"line":92,"column":45},"end":{"line":95,"column":19}},"locations":[{"start":{"line":92,"column":45},"end":{"line":95,"column":19}}]},"15":{"type":"branch","line":93,"loc":{"start":{"line":93,"column":35},"end":{"line":93,"column":61}},"locations":[{"start":{"line":93,"column":35},"end":{"line":93,"column":61}}]},"16":{"type":"branch","line":93,"loc":{"start":{"line":93,"column":57},"end":{"line":93,"column":63}},"locations":[{"start":{"line":93,"column":57},"end":{"line":93,"column":63}}]},"17":{"type":"branch","line":94,"loc":{"start":{"line":94,"column":33},"end":{"line":94,"column":62}},"locations":[{"start":{"line":94,"column":33},"end":{"line":94,"column":62}}]},"18":{"type":"branch","line":94,"loc":{"start":{"line":94,"column":58},"end":{"line":94,"column":68}},"locations":[{"start":{"line":94,"column":58},"end":{"line":94,"column":68}}]},"19":{"type":"branch","line":95,"loc":{"start":{"line":95,"column":8},"end":{"line":104,"column":9}},"locations":[{"start":{"line":95,"column":8},"end":{"line":104,"column":9}}]},"20":{"type":"branch","line":95,"loc":{"start":{"line":95,"column":46},"end":{"line":97,"column":19}},"locations":[{"start":{"line":95,"column":46},"end":{"line":97,"column":19}}]},"21":{"type":"branch","line":96,"loc":{"start":{"line":96,"column":33},"end":{"line":96,"column":59}},"locations":[{"start":{"line":96,"column":33},"end":{"line":96,"column":59}}]},"22":{"type":"branch","line":96,"loc":{"start":{"line":96,"column":55},"end":{"line":96,"column":63}},"locations":[{"start":{"line":96,"column":55},"end":{"line":96,"column":63}}]},"23":{"type":"branch","line":97,"loc":{"start":{"line":97,"column":8},"end":{"line":104,"column":9}},"locations":[{"start":{"line":97,"column":8},"end":{"line":104,"column":9}}]},"24":{"type":"branch","line":97,"loc":{"start":{"line":97,"column":43},"end":{"line":99,"column":19}},"locations":[{"start":{"line":97,"column":43},"end":{"line":99,"column":19}}]},"25":{"type":"branch","line":98,"loc":{"start":{"line":98,"column":35},"end":{"line":98,"column":53}},"locations":[{"start":{"line":98,"column":35},"end":{"line":98,"column":53}}]},"26":{"type":"branch","line":98,"loc":{"start":{"line":98,"column":44},"end":{"line":98,"column":66}},"locations":[{"start":{"line":98,"column":44},"end":{"line":98,"column":66}}]},"27":{"type":"branch","line":99,"loc":{"start":{"line":99,"column":8},"end":{"line":104,"column":9}},"locations":[{"start":{"line":99,"column":8},"end":{"line":104,"column":9}}]},"28":{"type":"branch","line":99,"loc":{"start":{"line":99,"column":43},"end":{"line":104,"column":9}},"locations":[{"start":{"line":99,"column":43},"end":{"line":104,"column":9}}]},"29":{"type":"branch","line":100,"loc":{"start":{"line":100,"column":35},"end":{"line":100,"column":53}},"locations":[{"start":{"line":100,"column":35},"end":{"line":100,"column":53}}]},"30":{"type":"branch","line":100,"loc":{"start":{"line":100,"column":44},"end":{"line":100,"column":64}},"locations":[{"start":{"line":100,"column":44},"end":{"line":100,"column":64}}]},"31":{"type":"branch","line":101,"loc":{"start":{"line":101,"column":57},"end":{"line":104,"column":9}},"locations":[{"start":{"line":101,"column":57},"end":{"line":104,"column":9}}]},"32":{"type":"branch","line":104,"loc":{"start":{"line":104,"column":8},"end":{"line":106,"column":22}},"locations":[{"start":{"line":104,"column":8},"end":{"line":106,"column":22}}]},"33":{"type":"branch","line":114,"loc":{"start":{"line":114,"column":11},"end":{"line":168,"column":5}},"locations":[{"start":{"line":114,"column":11},"end":{"line":168,"column":5}}]},"34":{"type":"branch","line":115,"loc":{"start":{"line":115,"column":32},"end":{"line":140,"column":19}},"locations":[{"start":{"line":115,"column":32},"end":{"line":140,"column":19}}]},"35":{"type":"branch","line":118,"loc":{"start":{"line":118,"column":51},"end":{"line":125,"column":23}},"locations":[{"start":{"line":118,"column":51},"end":{"line":125,"column":23}}]},"36":{"type":"branch","line":122,"loc":{"start":{"line":122,"column":43},"end":{"line":122,"column":79}},"locations":[{"start":{"line":122,"column":43},"end":{"line":122,"column":79}}]},"37":{"type":"branch","line":122,"loc":{"start":{"line":122,"column":71},"end":{"line":122,"column":95}},"locations":[{"start":{"line":122,"column":71},"end":{"line":122,"column":95}}]},"38":{"type":"branch","line":125,"loc":{"start":{"line":125,"column":12},"end":{"line":139,"column":13}},"locations":[{"start":{"line":125,"column":12},"end":{"line":139,"column":13}}]},"39":{"type":"branch","line":125,"loc":{"start":{"line":125,"column":58},"end":{"line":131,"column":23}},"locations":[{"start":{"line":125,"column":58},"end":{"line":131,"column":23}}]},"40":{"type":"branch","line":131,"loc":{"start":{"line":131,"column":12},"end":{"line":139,"column":13}},"locations":[{"start":{"line":131,"column":12},"end":{"line":139,"column":13}}]},"41":{"type":"branch","line":131,"loc":{"start":{"line":131,"column":59},"end":{"line":133,"column":23}},"locations":[{"start":{"line":131,"column":59},"end":{"line":133,"column":23}}]},"42":{"type":"branch","line":133,"loc":{"start":{"line":133,"column":12},"end":{"line":139,"column":13}},"locations":[{"start":{"line":133,"column":12},"end":{"line":139,"column":13}}]},"43":{"type":"branch","line":133,"loc":{"start":{"line":133,"column":56},"end":{"line":135,"column":23}},"locations":[{"start":{"line":133,"column":56},"end":{"line":135,"column":23}}]},"44":{"type":"branch","line":135,"loc":{"start":{"line":135,"column":12},"end":{"line":139,"column":13}},"locations":[{"start":{"line":135,"column":12},"end":{"line":139,"column":13}}]},"45":{"type":"branch","line":135,"loc":{"start":{"line":135,"column":56},"end":{"line":137,"column":23}},"locations":[{"start":{"line":135,"column":56},"end":{"line":137,"column":23}}]},"46":{"type":"branch","line":137,"loc":{"start":{"line":137,"column":12},"end":{"line":139,"column":13}},"locations":[{"start":{"line":137,"column":12},"end":{"line":139,"column":13}}]},"47":{"type":"branch","line":140,"loc":{"start":{"line":140,"column":8},"end":{"line":166,"column":9}},"locations":[{"start":{"line":140,"column":8},"end":{"line":166,"column":9}}]},"48":{"type":"branch","line":140,"loc":{"start":{"line":140,"column":39},"end":{"line":166,"column":9}},"locations":[{"start":{"line":140,"column":39},"end":{"line":166,"column":9}}]},"49":{"type":"branch","line":143,"loc":{"start":{"line":143,"column":34},"end":{"line":143,"column":82}},"locations":[{"start":{"line":143,"column":34},"end":{"line":143,"column":82}}]},"50":{"type":"branch","line":143,"loc":{"start":{"line":143,"column":77},"end":{"line":143,"column":106}},"locations":[{"start":{"line":143,"column":77},"end":{"line":143,"column":106}}]},"51":{"type":"branch","line":143,"loc":{"start":{"line":143,"column":106},"end":{"line":156,"column":13}},"locations":[{"start":{"line":143,"column":106},"end":{"line":156,"column":13}}]},"52":{"type":"branch","line":145,"loc":{"start":{"line":145,"column":59},"end":{"line":147,"column":27}},"locations":[{"start":{"line":145,"column":59},"end":{"line":147,"column":27}}]},"53":{"type":"branch","line":147,"loc":{"start":{"line":147,"column":16},"end":{"line":154,"column":17}},"locations":[{"start":{"line":147,"column":16},"end":{"line":154,"column":17}}]},"54":{"type":"branch","line":147,"loc":{"start":{"line":147,"column":64},"end":{"line":154,"column":17}},"locations":[{"start":{"line":147,"column":64},"end":{"line":154,"column":17}}]},"55":{"type":"branch","line":150,"loc":{"start":{"line":150,"column":69},"end":{"line":152,"column":21}},"locations":[{"start":{"line":150,"column":69},"end":{"line":152,"column":21}}]},"56":{"type":"branch","line":154,"loc":{"start":{"line":154,"column":16},"end":{"line":156,"column":13}},"locations":[{"start":{"line":154,"column":16},"end":{"line":156,"column":13}}]},"57":{"type":"branch","line":156,"loc":{"start":{"line":156,"column":12},"end":{"line":164,"column":13}},"locations":[{"start":{"line":156,"column":12},"end":{"line":164,"column":13}}]},"58":{"type":"branch","line":158,"loc":{"start":{"line":158,"column":39},"end":{"line":158,"column":82}},"locations":[{"start":{"line":158,"column":39},"end":{"line":158,"column":82}}]},"59":{"type":"branch","line":158,"loc":{"start":{"line":158,"column":82},"end":{"line":164,"column":13}},"locations":[{"start":{"line":158,"column":82},"end":{"line":164,"column":13}}]},"60":{"type":"branch","line":160,"loc":{"start":{"line":160,"column":55},"end":{"line":162,"column":17}},"locations":[{"start":{"line":160,"column":55},"end":{"line":162,"column":17}}]},"61":{"type":"branch","line":164,"loc":{"start":{"line":164,"column":12},"end":{"line":166,"column":9}},"locations":[{"start":{"line":164,"column":12},"end":{"line":166,"column":9}}]},"62":{"type":"branch","line":166,"loc":{"start":{"line":166,"column":8},"end":{"line":167,"column":44}},"locations":[{"start":{"line":166,"column":8},"end":{"line":167,"column":44}}]}},"b":{"0":[27],"1":[1],"2":[3],"3":[2],"4":[1],"5":[25],"6":[9],"7":[3],"8":[6],"9":[3],"10":[6],"11":[3],"12":[6],"13":[16],"14":[4],"15":[3],"16":[1],"17":[3],"18":[1],"19":[12],"20":[3],"21":[2],"22":[1],"23":[9],"24":[3],"25":[2],"26":[1],"27":[6],"28":[3],"29":[2],"30":[1],"31":[2],"32":[23],"33":[25],"34":[19],"35":[8],"36":[1],"37":[7],"38":[10],"39":[3],"40":[7],"41":[2],"42":[5],"43":[2],"44":[3],"45":[2],"46":[1],"47":[6],"48":[5],"49":[3],"50":[3],"51":[3],"52":[1],"53":[2],"54":[1],"55":[5],"56":[1],"57":[2],"58":[1],"59":[1],"60":[2],"61":[1],"62":[1]},"fnMap":{"0":{"name":"Mock","decl":{"start":{"line":11,"column":0},"end":{"line":34,"column":6}},"loc":{"start":{"line":11,"column":0},"end":{"line":34,"column":6}},"line":11},"1":{"name":"extendsCharPools","decl":{"start":{"line":45,"column":11},"end":{"line":50,"column":5}},"loc":{"start":{"line":45,"column":11},"end":{"line":50,"column":5}},"line":45},"2":{"name":"extend","decl":{"start":{"line":57,"column":11},"end":{"line":63,"column":5}},"loc":{"start":{"line":57,"column":11},"end":{"line":63,"column":5}},"line":57},"3":{"name":"parse","decl":{"start":{"line":76,"column":11},"end":{"line":107,"column":5}},"loc":{"start":{"line":76,"column":11},"end":{"line":107,"column":5}},"line":76},"4":{"name":"template","decl":{"start":{"line":114,"column":11},"end":{"line":168,"column":5}},"loc":{"start":{"line":114,"column":11},"end":{"line":168,"column":5}},"line":114}},"f":{"0":27,"1":1,"2":3,"3":25,"4":25}}
,"C:\\Users\\coderkpc\\Desktop\\mymock\\src\\types\\index.ts": {"path":"C:\\Users\\coderkpc\\Desktop\\mymock\\src\\types\\index.ts","all":false,"statementMap":{"0":{"start":{"line":1,"column":0},"end":{"line":1,"column":25}},"1":{"start":{"line":2,"column":0},"end":{"line":2,"column":8}},"2":{"start":{"line":3,"column":0},"end":{"line":3,"column":10}},"3":{"start":{"line":4,"column":0},"end":{"line":4,"column":1}},"4":{"start":{"line":5,"column":0},"end":{"line":5,"column":34}},"5":{"start":{"line":6,"column":0},"end":{"line":6,"column":17}},"6":{"start":{"line":7,"column":0},"end":{"line":7,"column":13}},"7":{"start":{"line":8,"column":0},"end":{"line":8,"column":27}},"8":{"start":{"line":9,"column":0},"end":{"line":9,"column":6}},"9":{"start":{"line":10,"column":0},"end":{"line":10,"column":1}},"10":{"start":{"line":11,"column":0},"end":{"line":11,"column":0}},"11":{"start":{"line":12,"column":0},"end":{"line":12,"column":25}},"12":{"start":{"line":13,"column":0},"end":{"line":13,"column":7}},"13":{"start":{"line":14,"column":0},"end":{"line":14,"column":25}},"14":{"start":{"line":15,"column":0},"end":{"line":15,"column":23}},"15":{"start":{"line":16,"column":0},"end":{"line":16,"column":50}},"16":{"start":{"line":17,"column":0},"end":{"line":17,"column":12}},"17":{"start":{"line":18,"column":0},"end":{"line":18,"column":7}},"18":{"start":{"line":19,"column":0},"end":{"line":19,"column":7}},"19":{"start":{"line":20,"column":0},"end":{"line":20,"column":24}},"20":{"start":{"line":21,"column":0},"end":{"line":21,"column":19}},"21":{"start":{"line":22,"column":0},"end":{"line":22,"column":43}},"22":{"start":{"line":23,"column":0},"end":{"line":23,"column":29}},"23":{"start":{"line":24,"column":0},"end":{"line":24,"column":12}},"24":{"start":{"line":25,"column":0},"end":{"line":25,"column":8}}},"s":{"0":1,"1":1,"2":1,"3":1,"4":1,"5":1,"6":1,"7":1,"8":1,"9":1,"10":1,"11":1,"12":1,"13":1,"14":1,"15":1,"16":1,"17":1,"18":1,"19":1,"20":1,"21":1,"22":1,"23":1,"24":1},"branchMap":{"0":{"type":"branch","line":1,"loc":{"start":{"line":1,"column":7},"end":{"line":1,"column":25}},"locations":[{"start":{"line":1,"column":7},"end":{"line":1,"column":25}}]}},"b":{"0":[1]},"fnMap":{},"f":{}}
,"C:\\Users\\coderkpc\\Desktop\\mymock\\src\\utils\\array.ts": {"path":"C:\\Users\\coderkpc\\Desktop\\mymock\\src\\utils\\array.ts","all":false,"statementMap":{"0":{"start":{"line":1,"column":0},"end":{"line":1,"column":3}},"1":{"start":{"line":2,"column":0},"end":{"line":2,"column":22}},"2":{"start":{"line":3,"column":0},"end":{"line":3,"column":22}},"3":{"start":{"line":4,"column":0},"end":{"line":4,"column":29}},"4":{"start":{"line":5,"column":0},"end":{"line":5,"column":17}},"5":{"start":{"line":6,"column":0},"end":{"line":6,"column":3}},"6":{"start":{"line":7,"column":0},"end":{"line":7,"column":87}},"7":{"start":{"line":8,"column":0},"end":{"line":8,"column":27}},"8":{"start":{"line":9,"column":0},"end":{"line":9,"column":38}},"9":{"start":{"line":10,"column":0},"end":{"line":10,"column":36}},"10":{"start":{"line":11,"column":0},"end":{"line":11,"column":29}},"11":{"start":{"line":12,"column":0},"end":{"line":12,"column":5}},"12":{"start":{"line":13,"column":0},"end":{"line":13,"column":0}},"13":{"start":{"line":14,"column":0},"end":{"line":14,"column":18}},"14":{"start":{"line":15,"column":0},"end":{"line":15,"column":1}}},"s":{"0":1,"1":1,"2":1,"3":1,"4":1,"5":1,"6":1,"7":4,"8":4,"9":23,"10":23,"11":23,"12":4,"13":4,"14":4},"branchMap":{"0":{"type":"branch","line":7,"loc":{"start":{"line":7,"column":86},"end":{"line":15,"column":1}},"locations":[{"start":{"line":7,"column":86},"end":{"line":15,"column":1}}]},"1":{"type":"branch","line":9,"loc":{"start":{"line":9,"column":37},"end":{"line":12,"column":5}},"locations":[{"start":{"line":9,"column":37},"end":{"line":12,"column":5}}]}},"b":{"0":[4],"1":[23]},"fnMap":{"0":{"name":"generateRandomArray","decl":{"start":{"line":7,"column":86},"end":{"line":15,"column":1}},"loc":{"start":{"line":7,"column":86},"end":{"line":15,"column":1}},"line":7}},"f":{"0":4}}
,"C:\\Users\\coderkpc\\Desktop\\mymock\\src\\utils\\boolean.ts": {"path":"C:\\Users\\coderkpc\\Desktop\\mymock\\src\\utils\\boolean.ts","all":false,"statementMap":{"0":{"start":{"line":1,"column":0},"end":{"line":1,"column":37}},"1":{"start":{"line":2,"column":0},"end":{"line":2,"column":0}},"2":{"start":{"line":3,"column":0},"end":{"line":3,"column":3}},"3":{"start":{"line":4,"column":0},"end":{"line":4,"column":23}},"4":{"start":{"line":5,"column":0},"end":{"line":5,"column":24}},"5":{"start":{"line":6,"column":0},"end":{"line":6,"column":17}},"6":{"start":{"line":7,"column":0},"end":{"line":7,"column":11}},"7":{"start":{"line":8,"column":0},"end":{"line":8,"column":46}},"8":{"start":{"line":9,"column":0},"end":{"line":9,"column":46}},"9":{"start":{"line":10,"column":0},"end":{"line":10,"column":46}},"10":{"start":{"line":11,"column":0},"end":{"line":11,"column":45}},"11":{"start":{"line":12,"column":0},"end":{"line":12,"column":3}},"12":{"start":{"line":13,"column":0},"end":{"line":13,"column":59}},"13":{"start":{"line":14,"column":0},"end":{"line":14,"column":82}},"14":{"start":{"line":15,"column":0},"end":{"line":15,"column":32}},"15":{"start":{"line":16,"column":0},"end":{"line":16,"column":1}}},"s":{"0":1,"1":1,"2":1,"3":1,"4":1,"5":1,"6":1,"7":1,"8":1,"9":1,"10":1,"11":1,"12":1,"13":10,"14":7,"15":7},"branchMap":{"0":{"type":"branch","line":13,"loc":{"start":{"line":13,"column":7},"end":{"line":16,"column":1}},"locations":[{"start":{"line":13,"column":7},"end":{"line":16,"column":1}}]},"1":{"type":"branch","line":14,"loc":{"start":{"line":14,"column":22},"end":{"line":14,"column":39}},"locations":[{"start":{"line":14,"column":22},"end":{"line":14,"column":39}}]},"2":{"type":"branch","line":14,"loc":{"start":{"line":14,"column":34},"end":{"line":14,"column":49}},"locations":[{"start":{"line":14,"column":34},"end":{"line":14,"column":49}}]},"3":{"type":"branch","line":14,"loc":{"start":{"line":14,"column":49},"end":{"line":14,"column":82}},"locations":[{"start":{"line":14,"column":49},"end":{"line":14,"column":82}}]},"4":{"type":"branch","line":14,"loc":{"start":{"line":14,"column":80},"end":{"line":16,"column":1}},"locations":[{"start":{"line":14,"column":80},"end":{"line":16,"column":1}}]}},"b":{"0":[10],"1":[9],"2":[8],"3":[3],"4":[7]},"fnMap":{"0":{"name":"generateRandomBoolean","decl":{"start":{"line":13,"column":7},"end":{"line":16,"column":1}},"loc":{"start":{"line":13,"column":7},"end":{"line":16,"column":1}},"line":13}},"f":{"0":10}}
,"C:\\Users\\coderkpc\\Desktop\\mymock\\src\\utils\\date.ts": {"path":"C:\\Users\\coderkpc\\Desktop\\mymock\\src\\utils\\date.ts","all":false,"statementMap":{"0":{"start":{"line":1,"column":0},"end":{"line":1,"column":26}},"1":{"start":{"line":2,"column":0},"end":{"line":2,"column":0}},"2":{"start":{"line":3,"column":0},"end":{"line":3,"column":3}},"3":{"start":{"line":4,"column":0},"end":{"line":4,"column":22}},"4":{"start":{"line":5,"column":0},"end":{"line":5,"column":56}},"5":{"start":{"line":6,"column":0},"end":{"line":6,"column":19}},"6":{"start":{"line":7,"column":0},"end":{"line":7,"column":11}},"7":{"start":{"line":8,"column":0},"end":{"line":8,"column":50}},"8":{"start":{"line":9,"column":0},"end":{"line":9,"column":62}},"9":{"start":{"line":10,"column":0},"end":{"line":10,"column":3}},"10":{"start":{"line":11,"column":0},"end":{"line":11,"column":75}},"11":{"start":{"line":12,"column":0},"end":{"line":12,"column":32}},"12":{"start":{"line":13,"column":0},"end":{"line":13,"column":79}},"13":{"start":{"line":14,"column":0},"end":{"line":14,"column":59}},"14":{"start":{"line":15,"column":0},"end":{"line":15,"column":57}},"15":{"start":{"line":16,"column":0},"end":{"line":16,"column":74}},"16":{"start":{"line":17,"column":0},"end":{"line":17,"column":0}},"17":{"start":{"line":18,"column":0},"end":{"line":18,"column":37}},"18":{"start":{"line":19,"column":0},"end":{"line":19,"column":1}}},"s":{"0":1,"1":1,"2":1,"3":1,"4":1,"5":1,"6":1,"7":1,"8":1,"9":1,"10":1,"11":6,"12":6,"13":6,"14":6,"15":6,"16":6,"17":6,"18":6},"branchMap":{"0":{"type":"branch","line":11,"loc":{"start":{"line":11,"column":7},"end":{"line":19,"column":1}},"locations":[{"start":{"line":11,"column":7},"end":{"line":19,"column":1}}]}},"b":{"0":[6]},"fnMap":{"0":{"name":"generateRandomDate","decl":{"start":{"line":11,"column":7},"end":{"line":19,"column":1}},"loc":{"start":{"line":11,"column":7},"end":{"line":19,"column":1}},"line":11}},"f":{"0":6}}
,"C:\\Users\\coderkpc\\Desktop\\mymock\\src\\utils\\index.ts": {"path":"C:\\Users\\coderkpc\\Desktop\\mymock\\src\\utils\\index.ts","all":false,"statementMap":{"0":{"start":{"line":1,"column":0},"end":{"line":1,"column":25}},"1":{"start":{"line":2,"column":0},"end":{"line":2,"column":25}},"2":{"start":{"line":3,"column":0},"end":{"line":3,"column":26}},"3":{"start":{"line":4,"column":0},"end":{"line":4,"column":23}},"4":{"start":{"line":5,"column":0},"end":{"line":5,"column":23}},"5":{"start":{"line":6,"column":0},"end":{"line":6,"column":24}}},"s":{"0":1,"1":1,"2":1,"3":1,"4":1,"5":1},"branchMap":{},"b":{},"fnMap":{},"f":{}}
,"C:\\Users\\coderkpc\\Desktop\\mymock\\src\\utils\\number.ts": {"path":"C:\\Users\\coderkpc\\Desktop\\mymock\\src\\utils\\number.ts","all":false,"statementMap":{"0":{"start":{"line":1,"column":0},"end":{"line":1,"column":48}},"1":{"start":{"line":2,"column":0},"end":{"line":2,"column":40}},"2":{"start":{"line":3,"column":0},"end":{"line":3,"column":0}},"3":{"start":{"line":4,"column":0},"end":{"line":4,"column":3}},"4":{"start":{"line":5,"column":0},"end":{"line":5,"column":21}},"5":{"start":{"line":6,"column":0},"end":{"line":6,"column":21}},"6":{"start":{"line":7,"column":0},"end":{"line":7,"column":23}},"7":{"start":{"line":8,"column":0},"end":{"line":8,"column":22}},"8":{"start":{"line":9,"column":0},"end":{"line":9,"column":33}},"9":{"start":{"line":10,"column":0},"end":{"line":10,"column":15}},"10":{"start":{"line":11,"column":0},"end":{"line":11,"column":11}},"11":{"start":{"line":12,"column":0},"end":{"line":12,"column":65}},"12":{"start":{"line":13,"column":0},"end":{"line":13,"column":77}},"13":{"start":{"line":14,"column":0},"end":{"line":14,"column":50}},"14":{"start":{"line":15,"column":0},"end":{"line":15,"column":40}},"15":{"start":{"line":16,"column":0},"end":{"line":16,"column":3}},"16":{"start":{"line":17,"column":0},"end":{"line":17,"column":37}},"17":{"start":{"line":18,"column":0},"end":{"line":18,"column":20}},"18":{"start":{"line":19,"column":0},"end":{"line":19,"column":22}},"19":{"start":{"line":20,"column":0},"end":{"line":20,"column":40}},"20":{"start":{"line":21,"column":0},"end":{"line":21,"column":30}},"21":{"start":{"line":22,"column":0},"end":{"line":22,"column":11}},"22":{"start":{"line":23,"column":0},"end":{"line":23,"column":52}},"23":{"start":{"line":24,"column":0},"end":{"line":24,"column":74}},"24":{"start":{"line":25,"column":0},"end":{"line":25,"column":92}},"25":{"start":{"line":26,"column":0},"end":{"line":26,"column":35}},"26":{"start":{"line":27,"column":0},"end":{"line":27,"column":47}},"27":{"start":{"line":28,"column":0},"end":{"line":28,"column":5}},"28":{"start":{"line":29,"column":0},"end":{"line":29,"column":54}},"29":{"start":{"line":30,"column":0},"end":{"line":30,"column":60}},"30":{"start":{"line":31,"column":0},"end":{"line":31,"column":5}},"31":{"start":{"line":32,"column":0},"end":{"line":32,"column":43}},"32":{"start":{"line":33,"column":0},"end":{"line":33,"column":1}},"33":{"start":{"line":34,"column":0},"end":{"line":34,"column":0}},"34":{"start":{"line":35,"column":0},"end":{"line":35,"column":3}},"35":{"start":{"line":36,"column":0},"end":{"line":36,"column":22}},"36":{"start":{"line":37,"column":0},"end":{"line":37,"column":17}},"37":{"start":{"line":38,"column":0},"end":{"line":38,"column":17}},"38":{"start":{"line":39,"column":0},"end":{"line":39,"column":11}},"39":{"start":{"line":40,"column":0},"end":{"line":40,"column":11}},"40":{"start":{"line":41,"column":0},"end":{"line":41,"column":47}},"41":{"start":{"line":42,"column":0},"end":{"line":42,"column":51}},"42":{"start":{"line":43,"column":0},"end":{"line":43,"column":3}},"43":{"start":{"line":44,"column":0},"end":{"line":44,"column":73}},"44":{"start":{"line":45,"column":0},"end":{"line":45,"column":52}},"45":{"start":{"line":46,"column":0},"end":{"line":46,"column":74}},"46":{"start":{"line":47,"column":0},"end":{"line":47,"column":61}},"47":{"start":{"line":48,"column":0},"end":{"line":48,"column":1}},"48":{"start":{"line":49,"column":0},"end":{"line":49,"column":0}},"49":{"start":{"line":50,"column":0},"end":{"line":50,"column":3}},"50":{"start":{"line":51,"column":0},"end":{"line":51,"column":22}},"51":{"start":{"line":52,"column":0},"end":{"line":52,"column":17}},"52":{"start":{"line":53,"column":0},"end":{"line":53,"column":17}},"53":{"start":{"line":54,"column":0},"end":{"line":54,"column":28}},"54":{"start":{"line":55,"column":0},"end":{"line":55,"column":11}},"55":{"start":{"line":56,"column":0},"end":{"line":56,"column":11}},"56":{"start":{"line":57,"column":0},"end":{"line":57,"column":57}},"57":{"start":{"line":58,"column":0},"end":{"line":58,"column":63}},"58":{"start":{"line":59,"column":0},"end":{"line":59,"column":3}},"59":{"start":{"line":60,"column":0},"end":{"line":60,"column":94}},"60":{"start":{"line":61,"column":0},"end":{"line":61,"column":52}},"61":{"start":{"line":62,"column":0},"end":{"line":62,"column":74}},"62":{"start":{"line":63,"column":0},"end":{"line":63,"column":70}},"63":{"start":{"line":64,"column":0},"end":{"line":64,"column":53}},"64":{"start":{"line":65,"column":0},"end":{"line":65,"column":53}},"65":{"start":{"line":66,"column":0},"end":{"line":66,"column":1}}},"s":{"0":1,"1":1,"2":1,"3":1,"4":1,"5":1,"6":1,"7":1,"8":1,"9":1,"10":1,"11":1,"12":1,"13":1,"14":1,"15":1,"16":1,"17":12,"18":12,"19":12,"20":12,"21":12,"22":12,"23":12,"24":12,"25":12,"26":9,"27":9,"28":12,"29":2,"30":2,"31":1,"32":1,"33":1,"34":1,"35":1,"36":1,"37":1,"38":1,"39":1,"40":1,"41":1,"42":1,"43":1,"44":15,"45":15,"46":12,"47":12,"48":1,"49":1,"50":1,"51":1,"52":1,"53":1,"54":1,"55":1,"56":1,"57":1,"58":1,"59":1,"60":8,"61":8,"62":8,"63":4,"64":4,"65":4},"branchMap":{"0":{"type":"branch","line":17,"loc":{"start":{"line":17,"column":7},"end":{"line":33,"column":1}},"locations":[{"start":{"line":17,"column":7},"end":{"line":33,"column":1}}]},"1":{"type":"branch","line":23,"loc":{"start":{"line":23,"column":20},"end":{"line":23,"column":52}},"locations":[{"start":{"line":23,"column":20},"end":{"line":23,"column":52}}]},"2":{"type":"branch","line":24,"loc":{"start":{"line":24,"column":42},"end":{"line":24,"column":74}},"locations":[{"start":{"line":24,"column":42},"end":{"line":24,"column":74}}]},"3":{"type":"branch","line":25,"loc":{"start":{"line":25,"column":32},"end":{"line":25,"column":57}},"locations":[{"start":{"line":25,"column":32},"end":{"line":25,"column":57}}]},"4":{"type":"branch","line":25,"loc":{"start":{"line":25,"column":57},"end":{"line":25,"column":92}},"locations":[{"start":{"line":25,"column":57},"end":{"line":25,"column":92}}]},"5":{"type":"branch","line":26,"loc":{"start":{"line":26,"column":34},"end":{"line":29,"column":53}},"locations":[{"start":{"line":26,"column":34},"end":{"line":29,"column":53}}]},"6":{"type":"branch","line":26,"loc":{"start":{"line":26,"column":34},"end":{"line":28,"column":5}},"locations":[{"start":{"line":26,"column":34},"end":{"line":28,"column":5}}]},"7":{"type":"branch","line":28,"loc":{"start":{"line":28,"column":4},"end":{"line":29,"column":53}},"locations":[{"start":{"line":28,"column":4},"end":{"line":29,"column":53}}]},"8":{"type":"branch","line":29,"loc":{"start":{"line":29,"column":53},"end":{"line":33,"column":1}},"locations":[{"start":{"line":29,"column":53},"end":{"line":33,"column":1}}]},"9":{"type":"branch","line":29,"loc":{"start":{"line":29,"column":53},"end":{"line":31,"column":5}},"locations":[{"start":{"line":29,"column":53},"end":{"line":31,"column":5}}]},"10":{"type":"branch","line":31,"loc":{"start":{"line":31,"column":4},"end":{"line":33,"column":1}},"locations":[{"start":{"line":31,"column":4},"end":{"line":33,"column":1}}]},"11":{"type":"branch","line":44,"loc":{"start":{"line":44,"column":7},"end":{"line":48,"column":1}},"locations":[{"start":{"line":44,"column":7},"end":{"line":48,"column":1}}]},"12":{"type":"branch","line":45,"loc":{"start":{"line":45,"column":20},"end":{"line":45,"column":52}},"locations":[{"start":{"line":45,"column":20},"end":{"line":45,"column":52}}]},"13":{"type":"branch","line":45,"loc":{"start":{"line":45,"column":50},"end":{"line":46,"column":26}},"locations":[{"start":{"line":45,"column":50},"end":{"line":46,"column":26}}]},"14":{"type":"branch","line":46,"loc":{"start":{"line":46,"column":21},"end":{"line":46,"column":42}},"locations":[{"start":{"line":46,"column":21},"end":{"line":46,"column":42}}]},"15":{"type":"branch","line":46,"loc":{"start":{"line":46,"column":42},"end":{"line":46,"column":74}},"locations":[{"start":{"line":46,"column":42},"end":{"line":46,"column":74}}]},"16":{"type":"branch","line":46,"loc":{"start":{"line":46,"column":72},"end":{"line":48,"column":1}},"locations":[{"start":{"line":46,"column":72},"end":{"line":48,"column":1}}]},"17":{"type":"branch","line":60,"loc":{"start":{"line":60,"column":7},"end":{"line":66,"column":1}},"locations":[{"start":{"line":60,"column":7},"end":{"line":66,"column":1}}]},"18":{"type":"branch","line":61,"loc":{"start":{"line":61,"column":20},"end":{"line":61,"column":52}},"locations":[{"start":{"line":61,"column":20},"end":{"line":61,"column":52}}]},"19":{"type":"branch","line":61,"loc":{"start":{"line":61,"column":50},"end":{"line":62,"column":26}},"locations":[{"start":{"line":61,"column":50},"end":{"line":62,"column":26}}]},"20":{"type":"branch","line":62,"loc":{"start":{"line":62,"column":21},"end":{"line":62,"column":42}},"locations":[{"start":{"line":62,"column":21},"end":{"line":62,"column":42}}]},"21":{"type":"branch","line":62,"loc":{"start":{"line":62,"column":42},"end":{"line":62,"column":74}},"locations":[{"start":{"line":62,"column":42},"end":{"line":62,"column":74}}]},"22":{"type":"branch","line":62,"loc":{"start":{"line":62,"column":72},"end":{"line":63,"column":41}},"locations":[{"start":{"line":62,"column":72},"end":{"line":63,"column":41}}]},"23":{"type":"branch","line":63,"loc":{"start":{"line":63,"column":35},"end":{"line":63,"column":70}},"locations":[{"start":{"line":63,"column":35},"end":{"line":63,"column":70}}]},"24":{"type":"branch","line":63,"loc":{"start":{"line":63,"column":68},"end":{"line":66,"column":1}},"locations":[{"start":{"line":63,"column":68},"end":{"line":66,"column":1}}]}},"b":{"0":[12],"1":[0],"2":[0],"3":[0],"4":[0],"5":[10],"6":[9],"7":[3],"8":[9],"9":[2],"10":[1],"11":[15],"12":[1],"13":[14],"14":[13],"15":[2],"16":[12],"17":[8],"18":[1],"19":[7],"20":[6],"21":[2],"22":[5],"23":[1],"24":[4]},"fnMap":{"0":{"name":"generateRandomNumber","decl":{"start":{"line":17,"column":7},"end":{"line":33,"column":1}},"loc":{"start":{"line":17,"column":7},"end":{"line":33,"column":1}},"line":17},"1":{"name":"generateRandomInteger","decl":{"start":{"line":44,"column":7},"end":{"line":48,"column":1}},"loc":{"start":{"line":44,"column":7},"end":{"line":48,"column":1}},"line":44},"2":{"name":"generateRandomFloat","decl":{"start":{"line":60,"column":7},"end":{"line":66,"column":1}},"loc":{"start":{"line":60,"column":7},"end":{"line":66,"column":1}},"line":60}},"f":{"0":12,"1":15,"2":8}}
,"C:\\Users\\coderkpc\\Desktop\\mymock\\src\\utils\\string.ts": {"path":"C:\\Users\\coderkpc\\Desktop\\mymock\\src\\utils\\string.ts","all":false,"statementMap":{"0":{"start":{"line":1,"column":0},"end":{"line":1,"column":37}},"1":{"start":{"line":2,"column":0},"end":{"line":2,"column":0}},"2":{"start":{"line":3,"column":0},"end":{"line":3,"column":3}},"3":{"start":{"line":4,"column":0},"end":{"line":4,"column":2}},"4":{"start":{"line":5,"column":0},"end":{"line":5,"column":22}},"5":{"start":{"line":6,"column":0},"end":{"line":6,"column":23}},"6":{"start":{"line":7,"column":0},"end":{"line":7,"column":25}},"7":{"start":{"line":8,"column":0},"end":{"line":8,"column":17}},"8":{"start":{"line":9,"column":0},"end":{"line":9,"column":11}},"9":{"start":{"line":10,"column":0},"end":{"line":10,"column":133}},"10":{"start":{"line":11,"column":0},"end":{"line":11,"column":129}},"11":{"start":{"line":12,"column":0},"end":{"line":12,"column":118}},"12":{"start":{"line":13,"column":0},"end":{"line":13,"column":118}},"13":{"start":{"line":14,"column":0},"end":{"line":14,"column":120}},"14":{"start":{"line":15,"column":0},"end":{"line":15,"column":117}},"15":{"start":{"line":16,"column":0},"end":{"line":16,"column":119}},"16":{"start":{"line":17,"column":0},"end":{"line":17,"column":3}},"17":{"start":{"line":18,"column":0},"end":{"line":18,"column":37}},"18":{"start":{"line":19,"column":0},"end":{"line":19,"column":34}},"19":{"start":{"line":20,"column":0},"end":{"line":20,"column":36}},"20":{"start":{"line":21,"column":0},"end":{"line":21,"column":24}},"21":{"start":{"line":22,"column":0},"end":{"line":22,"column":11}},"22":{"start":{"line":23,"column":0},"end":{"line":23,"column":21}},"23":{"start":{"line":24,"column":0},"end":{"line":24,"column":20}},"24":{"start":{"line":25,"column":0},"end":{"line":25,"column":0}},"25":{"start":{"line":26,"column":0},"end":{"line":26,"column":30}},"26":{"start":{"line":27,"column":0},"end":{"line":27,"column":28}},"27":{"start":{"line":28,"column":0},"end":{"line":28,"column":30}},"28":{"start":{"line":29,"column":0},"end":{"line":29,"column":35}},"29":{"start":{"line":30,"column":0},"end":{"line":30,"column":91}},"30":{"start":{"line":31,"column":0},"end":{"line":31,"column":35}},"31":{"start":{"line":32,"column":0},"end":{"line":32,"column":11}},"32":{"start":{"line":33,"column":0},"end":{"line":33,"column":12}},"33":{"start":{"line":34,"column":0},"end":{"line":34,"column":26}},"34":{"start":{"line":35,"column":0},"end":{"line":35,"column":87}},"35":{"start":{"line":36,"column":0},"end":{"line":36,"column":29}},"36":{"start":{"line":37,"column":0},"end":{"line":37,"column":23}},"37":{"start":{"line":38,"column":0},"end":{"line":38,"column":52}},"38":{"start":{"line":39,"column":0},"end":{"line":39,"column":16}},"39":{"start":{"line":40,"column":0},"end":{"line":40,"column":22}},"40":{"start":{"line":41,"column":0},"end":{"line":41,"column":34}},"41":{"start":{"line":42,"column":0},"end":{"line":42,"column":9}},"42":{"start":{"line":43,"column":0},"end":{"line":43,"column":5}},"43":{"start":{"line":44,"column":0},"end":{"line":44,"column":0}},"44":{"start":{"line":45,"column":0},"end":{"line":45,"column":22}},"45":{"start":{"line":46,"column":0},"end":{"line":46,"column":38}},"46":{"start":{"line":47,"column":0},"end":{"line":47,"column":46}},"47":{"start":{"line":48,"column":0},"end":{"line":48,"column":5}},"48":{"start":{"line":49,"column":0},"end":{"line":49,"column":18}},"49":{"start":{"line":50,"column":0},"end":{"line":50,"column":1}},"50":{"start":{"line":51,"column":0},"end":{"line":51,"column":0}},"51":{"start":{"line":52,"column":0},"end":{"line":52,"column":3}},"52":{"start":{"line":53,"column":0},"end":{"line":53,"column":22}},"53":{"start":{"line":54,"column":0},"end":{"line":54,"column":22}},"54":{"start":{"line":55,"column":0},"end":{"line":55,"column":16}},"55":{"start":{"line":56,"column":0},"end":{"line":56,"column":11}},"56":{"start":{"line":57,"column":0},"end":{"line":57,"column":51}},"57":{"start":{"line":58,"column":0},"end":{"line":58,"column":67}},"58":{"start":{"line":59,"column":0},"end":{"line":59,"column":81}},"59":{"start":{"line":60,"column":0},"end":{"line":60,"column":39}},"60":{"start":{"line":61,"column":0},"end":{"line":61,"column":42}},"61":{"start":{"line":62,"column":0},"end":{"line":62,"column":3}},"62":{"start":{"line":63,"column":0},"end":{"line":63,"column":62}},"63":{"start":{"line":64,"column":0},"end":{"line":64,"column":58}},"64":{"start":{"line":65,"column":0},"end":{"line":65,"column":58}},"65":{"start":{"line":66,"column":0},"end":{"line":66,"column":0}},"66":{"start":{"line":67,"column":0},"end":{"line":67,"column":72}},"67":{"start":{"line":68,"column":0},"end":{"line":68,"column":1}}},"s":{"0":1,"1":1,"2":1,"3":1,"4":1,"5":1,"6":1,"7":1,"8":1,"9":1,"10":1,"11":1,"12":1,"13":1,"14":1,"15":1,"16":1,"17":1,"18":10,"19":10,"20":10,"21":10,"22":10,"23":10,"24":10,"25":10,"26":5,"27":5,"28":7,"29":7,"30":6,"31":5,"32":5,"33":5,"34":5,"35":5,"36":2,"37":2,"38":2,"39":2,"40":2,"41":2,"42":5,"43":8,"44":8,"45":10,"46":191,"47":191,"48":8,"49":8,"50":1,"51":1,"52":1,"53":1,"54":1,"55":1,"56":1,"57":1,"58":1,"59":1,"60":1,"61":1,"62":1,"63":196,"64":196,"65":194,"66":194,"67":194},"branchMap":{"0":{"type":"branch","line":18,"loc":{"start":{"line":18,"column":7},"end":{"line":50,"column":1}},"locations":[{"start":{"line":18,"column":7},"end":{"line":50,"column":1}}]},"1":{"type":"branch","line":26,"loc":{"start":{"line":26,"column":29},"end":{"line":43,"column":5}},"locations":[{"start":{"line":26,"column":29},"end":{"line":43,"column":5}}]},"2":{"type":"branch","line":35,"loc":{"start":{"line":35,"column":33},"end":{"line":35,"column":54}},"locations":[{"start":{"line":35,"column":33},"end":{"line":35,"column":54}}]},"3":{"type":"branch","line":35,"loc":{"start":{"line":35,"column":54},"end":{"line":35,"column":87}},"locations":[{"start":{"line":35,"column":54},"end":{"line":35,"column":87}}]},"4":{"type":"branch","line":35,"loc":{"start":{"line":35,"column":85},"end":{"line":36,"column":28}},"locations":[{"start":{"line":35,"column":85},"end":{"line":36,"column":28}}]},"5":{"type":"branch","line":36,"loc":{"start":{"line":36,"column":28},"end":{"line":42,"column":9}},"locations":[{"start":{"line":36,"column":28},"end":{"line":42,"column":9}}]},"6":{"type":"branch","line":43,"loc":{"start":{"line":43,"column":4},"end":{"line":46,"column":37}},"locations":[{"start":{"line":43,"column":4},"end":{"line":46,"column":37}}]},"7":{"type":"branch","line":46,"loc":{"start":{"line":46,"column":37},"end":{"line":48,"column":5}},"locations":[{"start":{"line":46,"column":37},"end":{"line":48,"column":5}}]},"8":{"type":"branch","line":48,"loc":{"start":{"line":48,"column":4},"end":{"line":50,"column":1}},"locations":[{"start":{"line":48,"column":4},"end":{"line":50,"column":1}}]},"9":{"type":"branch","line":28,"loc":{"start":{"line":28,"column":21},"end":{"line":32,"column":9}},"locations":[{"start":{"line":28,"column":21},"end":{"line":32,"column":9}}]},"10":{"type":"branch","line":30,"loc":{"start":{"line":30,"column":58},"end":{"line":30,"column":91}},"locations":[{"start":{"line":30,"column":58},"end":{"line":30,"column":91}}]},"11":{"type":"branch","line":30,"loc":{"start":{"line":30,"column":89},"end":{"line":31,"column":35}},"locations":[{"start":{"line":30,"column":89},"end":{"line":31,"column":35}}]},"12":{"type":"branch","line":63,"loc":{"start":{"line":63,"column":7},"end":{"line":68,"column":1}},"locations":[{"start":{"line":63,"column":7},"end":{"line":68,"column":1}}]},"13":{"type":"branch","line":64,"loc":{"start":{"line":64,"column":29},"end":{"line":64,"column":58}},"locations":[{"start":{"line":64,"column":29},"end":{"line":64,"column":58}}]},"14":{"type":"branch","line":64,"loc":{"start":{"line":64,"column":56},"end":{"line":65,"column":37}},"locations":[{"start":{"line":64,"column":56},"end":{"line":65,"column":37}}]},"15":{"type":"branch","line":65,"loc":{"start":{"line":65,"column":31},"end":{"line":65,"column":58}},"locations":[{"start":{"line":65,"column":31},"end":{"line":65,"column":58}}]},"16":{"type":"branch","line":65,"loc":{"start":{"line":65,"column":56},"end":{"line":68,"column":1}},"locations":[{"start":{"line":65,"column":56},"end":{"line":68,"column":1}}]}},"b":{"0":[10],"1":[5],"2":[3],"3":[1],"4":[4],"5":[2],"6":[8],"7":[191],"8":[8],"9":[7],"10":[1],"11":[6],"12":[196],"13":[1],"14":[195],"15":[1],"16":[194]},"fnMap":{"0":{"name":"generateRandomString","decl":{"start":{"line":18,"column":7},"end":{"line":50,"column":1}},"loc":{"start":{"line":18,"column":7},"end":{"line":50,"column":1}},"line":18},"1":{"name":"generateRandomChar","decl":{"start":{"line":63,"column":7},"end":{"line":68,"column":1}},"loc":{"start":{"line":63,"column":7},"end":{"line":68,"column":1}},"line":63}},"f":{"0":10,"1":196}}
,"C:\\Users\\coderkpc\\Desktop\\mymock\\src\\utils\\time.ts": {"path":"C:\\Users\\coderkpc\\Desktop\\mymock\\src\\utils\\time.ts","all":false,"statementMap":{"0":{"start":{"line":1,"column":0},"end":{"line":1,"column":26}},"1":{"start":{"line":2,"column":0},"end":{"line":2,"column":0}},"2":{"start":{"line":3,"column":0},"end":{"line":3,"column":3}},"3":{"start":{"line":4,"column":0},"end":{"line":4,"column":22}},"4":{"start":{"line":5,"column":0},"end":{"line":5,"column":54}},"5":{"start":{"line":6,"column":0},"end":{"line":6,"column":19}},"6":{"start":{"line":7,"column":0},"end":{"line":7,"column":11}},"7":{"start":{"line":8,"column":0},"end":{"line":8,"column":48}},"8":{"start":{"line":9,"column":0},"end":{"line":9,"column":52}},"9":{"start":{"line":10,"column":0},"end":{"line":10,"column":3}},"10":{"start":{"line":11,"column":0},"end":{"line":11,"column":73}},"11":{"start":{"line":12,"column":0},"end":{"line":12,"column":54}},"12":{"start":{"line":13,"column":0},"end":{"line":13,"column":56}},"13":{"start":{"line":14,"column":0},"end":{"line":14,"column":56}},"14":{"start":{"line":15,"column":0},"end":{"line":15,"column":90}},"15":{"start":{"line":16,"column":0},"end":{"line":16,"column":0}},"16":{"start":{"line":17,"column":0},"end":{"line":17,"column":37}},"17":{"start":{"line":18,"column":0},"end":{"line":18,"column":1}}},"s":{"0":1,"1":1,"2":1,"3":1,"4":1,"5":1,"6":1,"7":1,"8":1,"9":1,"10":1,"11":2,"12":2,"13":2,"14":2,"15":2,"16":2,"17":2},"branchMap":{"0":{"type":"branch","line":11,"loc":{"start":{"line":11,"column":7},"end":{"line":18,"column":1}},"locations":[{"start":{"line":11,"column":7},"end":{"line":18,"column":1}}]}},"b":{"0":[2]},"fnMap":{"0":{"name":"generateRandomTime","decl":{"start":{"line":11,"column":7},"end":{"line":18,"column":1}},"loc":{"start":{"line":11,"column":7},"end":{"line":18,"column":1}},"line":11}},"f":{"0":2}}
}
