{"D:\\develop\\mymock\\src\\index.ts": {"path":"D:\\develop\\mymock\\src\\index.ts","all":false,"statementMap":{"0":{"start":{"line":1,"column":0},"end":{"line":1,"column":68}},"1":{"start":{"line":2,"column":0},"end":{"line":2,"column":38}},"2":{"start":{"line":3,"column":0},"end":{"line":3,"column":71}},"3":{"start":{"line":4,"column":0},"end":{"line":4,"column":0}},"4":{"start":{"line":5,"column":0},"end":{"line":5,"column":5}},"5":{"start":{"line":6,"column":0},"end":{"line":6,"column":36}},"6":{"start":{"line":7,"column":0},"end":{"line":7,"column":14}},"7":{"start":{"line":8,"column":0},"end":{"line":8,"column":31}},"8":{"start":{"line":9,"column":0},"end":{"line":9,"column":24}},"9":{"start":{"line":10,"column":0},"end":{"line":10,"column":32}},"10":{"start":{"line":11,"column":0},"end":{"line":11,"column":0}},"11":{"start":{"line":12,"column":0},"end":{"line":12,"column":6}},"12":{"start":{"line":13,"column":0},"end":{"line":13,"column":47}},"13":{"start":{"line":14,"column":0},"end":{"line":14,"column":50}},"14":{"start":{"line":15,"column":0},"end":{"line":15,"column":59}},"15":{"start":{"line":16,"column":0},"end":{"line":16,"column":38}},"16":{"start":{"line":17,"column":0},"end":{"line":17,"column":26}},"17":{"start":{"line":18,"column":0},"end":{"line":18,"column":52}},"18":{"start":{"line":19,"column":0},"end":{"line":19,"column":35}},"19":{"start":{"line":20,"column":0},"end":{"line":20,"column":63}},"20":{"start":{"line":21,"column":0},"end":{"line":21,"column":65}},"21":{"start":{"line":22,"column":0},"end":{"line":22,"column":49}},"22":{"start":{"line":23,"column":0},"end":{"line":23,"column":0}},"23":{"start":{"line":24,"column":0},"end":{"line":24,"column":12}},"24":{"start":{"line":25,"column":0},"end":{"line":25,"column":72}},"25":{"start":{"line":26,"column":0},"end":{"line":26,"column":64}},"26":{"start":{"line":27,"column":0},"end":{"line":27,"column":0}},"27":{"start":{"line":28,"column":0},"end":{"line":28,"column":7}},"28":{"start":{"line":29,"column":0},"end":{"line":29,"column":38}},"29":{"start":{"line":30,"column":0},"end":{"line":30,"column":27}},"30":{"start":{"line":31,"column":0},"end":{"line":31,"column":115}},"31":{"start":{"line":32,"column":0},"end":{"line":32,"column":7}},"32":{"start":{"line":33,"column":0},"end":{"line":33,"column":64}},"33":{"start":{"line":34,"column":0},"end":{"line":34,"column":49}},"34":{"start":{"line":35,"column":0},"end":{"line":35,"column":5}},"35":{"start":{"line":36,"column":0},"end":{"line":36,"column":0}},"36":{"start":{"line":37,"column":0},"end":{"line":37,"column":7}},"37":{"start":{"line":38,"column":0},"end":{"line":38,"column":31}},"38":{"start":{"line":39,"column":0},"end":{"line":39,"column":24}},"39":{"start":{"line":40,"column":0},"end":{"line":40,"column":24}},"40":{"start":{"line":41,"column":0},"end":{"line":41,"column":7}},"41":{"start":{"line":42,"column":0},"end":{"line":42,"column":46}},"42":{"start":{"line":43,"column":0},"end":{"line":43,"column":19}},"43":{"start":{"line":44,"column":0},"end":{"line":44,"column":57}},"44":{"start":{"line":45,"column":0},"end":{"line":45,"column":49}},"45":{"start":{"line":46,"column":0},"end":{"line":46,"column":9}},"46":{"start":{"line":47,"column":0},"end":{"line":47,"column":36}},"47":{"start":{"line":48,"column":0},"end":{"line":48,"column":5}},"48":{"start":{"line":49,"column":0},"end":{"line":49,"column":0}},"49":{"start":{"line":50,"column":0},"end":{"line":50,"column":7}},"50":{"start":{"line":51,"column":0},"end":{"line":51,"column":35}},"51":{"start":{"line":52,"column":0},"end":{"line":52,"column":22}},"52":{"start":{"line":53,"column":0},"end":{"line":53,"column":22}},"53":{"start":{"line":54,"column":0},"end":{"line":54,"column":7}},"54":{"start":{"line":55,"column":0},"end":{"line":55,"column":38}},"55":{"start":{"line":56,"column":0},"end":{"line":56,"column":26}},"56":{"start":{"line":57,"column":0},"end":{"line":57,"column":40}},"57":{"start":{"line":58,"column":0},"end":{"line":58,"column":21}},"58":{"start":{"line":59,"column":0},"end":{"line":59,"column":44}},"59":{"start":{"line":60,"column":0},"end":{"line":60,"column":34}},"60":{"start":{"line":61,"column":0},"end":{"line":61,"column":11}},"61":{"start":{"line":62,"column":0},"end":{"line":62,"column":47}},"62":{"start":{"line":63,"column":0},"end":{"line":63,"column":5}},"63":{"start":{"line":64,"column":0},"end":{"line":64,"column":0}},"64":{"start":{"line":65,"column":0},"end":{"line":65,"column":7}},"65":{"start":{"line":66,"column":0},"end":{"line":66,"column":35}},"66":{"start":{"line":67,"column":0},"end":{"line":67,"column":22}},"67":{"start":{"line":68,"column":0},"end":{"line":68,"column":22}},"68":{"start":{"line":69,"column":0},"end":{"line":69,"column":7}},"69":{"start":{"line":70,"column":0},"end":{"line":70,"column":44}},"70":{"start":{"line":71,"column":0},"end":{"line":71,"column":15}},"71":{"start":{"line":72,"column":0},"end":{"line":72,"column":40}},"72":{"start":{"line":73,"column":0},"end":{"line":73,"column":92}},"73":{"start":{"line":74,"column":0},"end":{"line":74,"column":47}},"74":{"start":{"line":75,"column":0},"end":{"line":75,"column":47}},"75":{"start":{"line":76,"column":0},"end":{"line":76,"column":53}},"76":{"start":{"line":77,"column":0},"end":{"line":77,"column":15}},"77":{"start":{"line":78,"column":0},"end":{"line":78,"column":9}},"78":{"start":{"line":79,"column":0},"end":{"line":79,"column":15}},"79":{"start":{"line":80,"column":0},"end":{"line":80,"column":74}},"80":{"start":{"line":81,"column":0},"end":{"line":81,"column":51}},"81":{"start":{"line":82,"column":0},"end":{"line":82,"column":52}},"82":{"start":{"line":83,"column":0},"end":{"line":83,"column":70}},"83":{"start":{"line":84,"column":0},"end":{"line":84,"column":13}},"84":{"start":{"line":85,"column":0},"end":{"line":85,"column":26}},"85":{"start":{"line":86,"column":0},"end":{"line":86,"column":9}},"86":{"start":{"line":87,"column":0},"end":{"line":87,"column":44}},"87":{"start":{"line":88,"column":0},"end":{"line":88,"column":5}},"88":{"start":{"line":89,"column":0},"end":{"line":89,"column":0}},"89":{"start":{"line":90,"column":0},"end":{"line":90,"column":7}},"90":{"start":{"line":91,"column":0},"end":{"line":91,"column":32}},"91":{"start":{"line":92,"column":0},"end":{"line":92,"column":22}},"92":{"start":{"line":93,"column":0},"end":{"line":93,"column":22}},"93":{"start":{"line":94,"column":0},"end":{"line":94,"column":7}},"94":{"start":{"line":95,"column":0},"end":{"line":95,"column":53}},"95":{"start":{"line":96,"column":0},"end":{"line":96,"column":61}},"96":{"start":{"line":97,"column":0},"end":{"line":97,"column":62}},"97":{"start":{"line":98,"column":0},"end":{"line":98,"column":44}},"98":{"start":{"line":99,"column":0},"end":{"line":99,"column":5}},"99":{"start":{"line":100,"column":0},"end":{"line":100,"column":1}},"100":{"start":{"line":101,"column":0},"end":{"line":101,"column":0}},"101":{"start":{"line":102,"column":0},"end":{"line":102,"column":20}}},"s":{"0":1,"1":1,"2":1,"3":1,"4":1,"5":1,"6":1,"7":1,"8":1,"9":1,"10":1,"11":1,"12":1,"13":1,"14":1,"15":1,"16":1,"17":1,"18":1,"19":1,"20":1,"21":1,"22":1,"23":28,"24":28,"25":28,"26":1,"27":1,"28":1,"29":1,"30":1,"31":1,"32":1,"33":1,"34":1,"35":1,"36":1,"37":1,"38":1,"39":1,"40":1,"41":1,"42":3,"43":3,"44":1,"45":1,"46":2,"47":3,"48":1,"49":1,"50":1,"51":1,"52":1,"53":1,"54":1,"55":17,"56":17,"57":17,"58":17,"59":17,"60":17,"61":17,"62":17,"63":1,"64":1,"65":1,"66":1,"67":1,"68":1,"69":1,"70":9,"71":9,"72":4,"73":3,"74":3,"75":3,"76":3,"77":3,"78":5,"79":9,"80":4,"81":4,"82":8,"83":8,"84":4,"85":4,"86":1,"87":9,"88":1,"89":1,"90":1,"91":1,"92":1,"93":1,"94":1,"95":27,"96":27,"97":1,"98":27,"99":1,"100":1,"101":1},"branchMap":{"0":{"type":"branch","line":24,"loc":{"start":{"line":24,"column":0},"end":{"line":26,"column":64}},"locations":[{"start":{"line":24,"column":0},"end":{"line":26,"column":64}}]},"1":{"type":"branch","line":33,"loc":{"start":{"line":33,"column":11},"end":{"line":35,"column":5}},"locations":[{"start":{"line":33,"column":11},"end":{"line":35,"column":5}}]},"2":{"type":"branch","line":42,"loc":{"start":{"line":42,"column":11},"end":{"line":48,"column":5}},"locations":[{"start":{"line":42,"column":11},"end":{"line":48,"column":5}}]},"3":{"type":"branch","line":44,"loc":{"start":{"line":44,"column":56},"end":{"line":46,"column":9}},"locations":[{"start":{"line":44,"column":56},"end":{"line":46,"column":9}}]},"4":{"type":"branch","line":46,"loc":{"start":{"line":46,"column":8},"end":{"line":47,"column":36}},"locations":[{"start":{"line":46,"column":8},"end":{"line":47,"column":36}}]},"5":{"type":"branch","line":55,"loc":{"start":{"line":55,"column":12},"end":{"line":63,"column":5}},"locations":[{"start":{"line":55,"column":12},"end":{"line":63,"column":5}}]},"6":{"type":"branch","line":70,"loc":{"start":{"line":70,"column":12},"end":{"line":88,"column":5}},"locations":[{"start":{"line":70,"column":12},"end":{"line":88,"column":5}}]},"7":{"type":"branch","line":72,"loc":{"start":{"line":72,"column":39},"end":{"line":78,"column":9}},"locations":[{"start":{"line":72,"column":39},"end":{"line":78,"column":9}}]},"8":{"type":"branch","line":73,"loc":{"start":{"line":73,"column":56},"end":{"line":73,"column":92}},"locations":[{"start":{"line":73,"column":56},"end":{"line":73,"column":92}}]},"9":{"type":"branch","line":73,"loc":{"start":{"line":73,"column":90},"end":{"line":78,"column":9}},"locations":[{"start":{"line":73,"column":90},"end":{"line":78,"column":9}}]},"10":{"type":"branch","line":78,"loc":{"start":{"line":78,"column":8},"end":{"line":80,"column":42}},"locations":[{"start":{"line":78,"column":8},"end":{"line":80,"column":42}}]},"11":{"type":"branch","line":80,"loc":{"start":{"line":80,"column":30},"end":{"line":80,"column":73}},"locations":[{"start":{"line":80,"column":30},"end":{"line":80,"column":73}}]},"12":{"type":"branch","line":80,"loc":{"start":{"line":80,"column":73},"end":{"line":86,"column":9}},"locations":[{"start":{"line":80,"column":73},"end":{"line":86,"column":9}}]},"13":{"type":"branch","line":82,"loc":{"start":{"line":82,"column":51},"end":{"line":84,"column":13}},"locations":[{"start":{"line":82,"column":51},"end":{"line":84,"column":13}}]},"14":{"type":"branch","line":86,"loc":{"start":{"line":86,"column":8},"end":{"line":87,"column":44}},"locations":[{"start":{"line":86,"column":8},"end":{"line":87,"column":44}}]},"15":{"type":"branch","line":95,"loc":{"start":{"line":95,"column":11},"end":{"line":99,"column":5}},"locations":[{"start":{"line":95,"column":11},"end":{"line":99,"column":5}}]},"16":{"type":"branch","line":96,"loc":{"start":{"line":96,"column":32},"end":{"line":96,"column":61}},"locations":[{"start":{"line":96,"column":32},"end":{"line":96,"column":61}}]},"17":{"type":"branch","line":96,"loc":{"start":{"line":96,"column":59},"end":{"line":97,"column":39}},"locations":[{"start":{"line":96,"column":59},"end":{"line":97,"column":39}}]},"18":{"type":"branch","line":97,"loc":{"start":{"line":97,"column":32},"end":{"line":97,"column":62}},"locations":[{"start":{"line":97,"column":32},"end":{"line":97,"column":62}}]},"19":{"type":"branch","line":97,"loc":{"start":{"line":97,"column":60},"end":{"line":98,"column":44}},"locations":[{"start":{"line":97,"column":60},"end":{"line":98,"column":44}}]}},"b":{"0":[28],"1":[1],"2":[3],"3":[1],"4":[2],"5":[17],"6":[9],"7":[4],"8":[1],"9":[3],"10":[5],"11":[4],"12":[4],"13":[8],"14":[1],"15":[27],"16":[17],"17":[10],"18":[9],"19":[1]},"fnMap":{"0":{"name":"Mock","decl":{"start":{"line":24,"column":0},"end":{"line":26,"column":64}},"loc":{"start":{"line":24,"column":0},"end":{"line":26,"column":64}},"line":24},"1":{"name":"extendsCharPools","decl":{"start":{"line":33,"column":11},"end":{"line":35,"column":5}},"loc":{"start":{"line":33,"column":11},"end":{"line":35,"column":5}},"line":33},"2":{"name":"extend","decl":{"start":{"line":42,"column":11},"end":{"line":48,"column":5}},"loc":{"start":{"line":42,"column":11},"end":{"line":48,"column":5}},"line":42},"3":{"name":"simple","decl":{"start":{"line":55,"column":12},"end":{"line":63,"column":5}},"loc":{"start":{"line":55,"column":12},"end":{"line":63,"column":5}},"line":55},"4":{"name":"complex","decl":{"start":{"line":70,"column":12},"end":{"line":88,"column":5}},"loc":{"start":{"line":70,"column":12},"end":{"line":88,"column":5}},"line":70},"5":{"name":"template","decl":{"start":{"line":95,"column":11},"end":{"line":99,"column":5}},"loc":{"start":{"line":95,"column":11},"end":{"line":99,"column":5}},"line":95}},"f":{"0":28,"1":1,"2":3,"3":17,"4":9,"5":27}}
,"D:\\develop\\mymock\\src\\utils\\array.ts": {"path":"D:\\develop\\mymock\\src\\utils\\array.ts","all":false,"statementMap":{"0":{"start":{"line":1,"column":0},"end":{"line":1,"column":54}},"1":{"start":{"line":2,"column":0},"end":{"line":2,"column":0}},"2":{"start":{"line":3,"column":0},"end":{"line":3,"column":3}},"3":{"start":{"line":4,"column":0},"end":{"line":4,"column":22}},"4":{"start":{"line":5,"column":0},"end":{"line":5,"column":29}},"5":{"start":{"line":6,"column":0},"end":{"line":6,"column":29}},"6":{"start":{"line":7,"column":0},"end":{"line":7,"column":3}},"7":{"start":{"line":8,"column":0},"end":{"line":8,"column":81}},"8":{"start":{"line":9,"column":0},"end":{"line":9,"column":42}},"9":{"start":{"line":10,"column":0},"end":{"line":10,"column":22}},"10":{"start":{"line":11,"column":0},"end":{"line":11,"column":38}},"11":{"start":{"line":12,"column":0},"end":{"line":12,"column":36}},"12":{"start":{"line":13,"column":0},"end":{"line":13,"column":29}},"13":{"start":{"line":14,"column":0},"end":{"line":14,"column":5}},"14":{"start":{"line":15,"column":0},"end":{"line":15,"column":18}},"15":{"start":{"line":16,"column":0},"end":{"line":16,"column":1}}},"s":{"0":1,"1":1,"2":1,"3":1,"4":1,"5":1,"6":1,"7":1,"8":4,"9":4,"10":4,"11":18,"12":18,"13":18,"14":4,"15":4},"branchMap":{"0":{"type":"branch","line":8,"loc":{"start":{"line":8,"column":80},"end":{"line":16,"column":1}},"locations":[{"start":{"line":8,"column":80},"end":{"line":16,"column":1}}]},"1":{"type":"branch","line":11,"loc":{"start":{"line":11,"column":37},"end":{"line":14,"column":5}},"locations":[{"start":{"line":11,"column":37},"end":{"line":14,"column":5}}]}},"b":{"0":[4],"1":[18]},"fnMap":{"0":{"name":"generateRandomArray","decl":{"start":{"line":8,"column":80},"end":{"line":16,"column":1}},"loc":{"start":{"line":8,"column":80},"end":{"line":16,"column":1}},"line":8}},"f":{"0":4}}
,"D:\\develop\\mymock\\src\\utils\\boolean.ts": {"path":"D:\\develop\\mymock\\src\\utils\\boolean.ts","all":false,"statementMap":{"0":{"start":{"line":1,"column":0},"end":{"line":1,"column":37}},"1":{"start":{"line":2,"column":0},"end":{"line":2,"column":56}},"2":{"start":{"line":3,"column":0},"end":{"line":3,"column":0}},"3":{"start":{"line":4,"column":0},"end":{"line":4,"column":3}},"4":{"start":{"line":5,"column":0},"end":{"line":5,"column":23}},"5":{"start":{"line":6,"column":0},"end":{"line":6,"column":29}},"6":{"start":{"line":7,"column":0},"end":{"line":7,"column":17}},"7":{"start":{"line":8,"column":0},"end":{"line":8,"column":11}},"8":{"start":{"line":9,"column":0},"end":{"line":9,"column":56}},"9":{"start":{"line":10,"column":0},"end":{"line":10,"column":55}},"10":{"start":{"line":11,"column":0},"end":{"line":11,"column":3}},"11":{"start":{"line":12,"column":0},"end":{"line":12,"column":83}},"12":{"start":{"line":13,"column":0},"end":{"line":13,"column":35}},"13":{"start":{"line":14,"column":0},"end":{"line":14,"column":82}},"14":{"start":{"line":15,"column":0},"end":{"line":15,"column":32}},"15":{"start":{"line":16,"column":0},"end":{"line":16,"column":1}}},"s":{"0":1,"1":1,"2":1,"3":1,"4":1,"5":1,"6":1,"7":1,"8":1,"9":1,"10":1,"11":1,"12":10,"13":10,"14":7,"15":7},"branchMap":{"0":{"type":"branch","line":12,"loc":{"start":{"line":12,"column":7},"end":{"line":16,"column":1}},"locations":[{"start":{"line":12,"column":7},"end":{"line":16,"column":1}}]},"1":{"type":"branch","line":14,"loc":{"start":{"line":14,"column":22},"end":{"line":14,"column":39}},"locations":[{"start":{"line":14,"column":22},"end":{"line":14,"column":39}}]},"2":{"type":"branch","line":14,"loc":{"start":{"line":14,"column":34},"end":{"line":14,"column":49}},"locations":[{"start":{"line":14,"column":34},"end":{"line":14,"column":49}}]},"3":{"type":"branch","line":14,"loc":{"start":{"line":14,"column":49},"end":{"line":14,"column":82}},"locations":[{"start":{"line":14,"column":49},"end":{"line":14,"column":82}}]},"4":{"type":"branch","line":14,"loc":{"start":{"line":14,"column":80},"end":{"line":16,"column":1}},"locations":[{"start":{"line":14,"column":80},"end":{"line":16,"column":1}}]}},"b":{"0":[10],"1":[9],"2":[8],"3":[3],"4":[7]},"fnMap":{"0":{"name":"generateRandomBoolean","decl":{"start":{"line":12,"column":7},"end":{"line":16,"column":1}},"loc":{"start":{"line":12,"column":7},"end":{"line":16,"column":1}},"line":12}},"f":{"0":10}}
,"D:\\develop\\mymock\\src\\utils\\date.ts": {"path":"D:\\develop\\mymock\\src\\utils\\date.ts","all":false,"statementMap":{"0":{"start":{"line":1,"column":0},"end":{"line":1,"column":26}},"1":{"start":{"line":2,"column":0},"end":{"line":2,"column":53}},"2":{"start":{"line":3,"column":0},"end":{"line":3,"column":0}},"3":{"start":{"line":4,"column":0},"end":{"line":4,"column":3}},"4":{"start":{"line":5,"column":0},"end":{"line":5,"column":22}},"5":{"start":{"line":6,"column":0},"end":{"line":6,"column":29}},"6":{"start":{"line":7,"column":0},"end":{"line":7,"column":19}},"7":{"start":{"line":8,"column":0},"end":{"line":8,"column":11}},"8":{"start":{"line":9,"column":0},"end":{"line":9,"column":50}},"9":{"start":{"line":10,"column":0},"end":{"line":10,"column":74}},"10":{"start":{"line":11,"column":0},"end":{"line":11,"column":3}},"11":{"start":{"line":12,"column":0},"end":{"line":12,"column":85}},"12":{"start":{"line":13,"column":0},"end":{"line":13,"column":46}},"13":{"start":{"line":14,"column":0},"end":{"line":14,"column":0}},"14":{"start":{"line":15,"column":0},"end":{"line":15,"column":32}},"15":{"start":{"line":16,"column":0},"end":{"line":16,"column":79}},"16":{"start":{"line":17,"column":0},"end":{"line":17,"column":59}},"17":{"start":{"line":18,"column":0},"end":{"line":18,"column":57}},"18":{"start":{"line":19,"column":0},"end":{"line":19,"column":74}},"19":{"start":{"line":20,"column":0},"end":{"line":20,"column":0}},"20":{"start":{"line":21,"column":0},"end":{"line":21,"column":37}},"21":{"start":{"line":22,"column":0},"end":{"line":22,"column":1}}},"s":{"0":1,"1":1,"2":1,"3":1,"4":1,"5":1,"6":1,"7":1,"8":1,"9":1,"10":1,"11":1,"12":4,"13":4,"14":4,"15":4,"16":4,"17":4,"18":4,"19":4,"20":4,"21":4},"branchMap":{"0":{"type":"branch","line":12,"loc":{"start":{"line":12,"column":7},"end":{"line":22,"column":1}},"locations":[{"start":{"line":12,"column":7},"end":{"line":22,"column":1}}]}},"b":{"0":[4]},"fnMap":{"0":{"name":"generateRandomDate","decl":{"start":{"line":12,"column":7},"end":{"line":22,"column":1}},"loc":{"start":{"line":12,"column":7},"end":{"line":22,"column":1}},"line":12}},"f":{"0":4}}
,"D:\\develop\\mymock\\src\\utils\\index.ts": {"path":"D:\\develop\\mymock\\src\\utils\\index.ts","all":false,"statementMap":{"0":{"start":{"line":1,"column":0},"end":{"line":1,"column":46}},"1":{"start":{"line":2,"column":0},"end":{"line":2,"column":50}},"2":{"start":{"line":3,"column":0},"end":{"line":3,"column":44}},"3":{"start":{"line":4,"column":0},"end":{"line":4,"column":48}},"4":{"start":{"line":5,"column":0},"end":{"line":5,"column":48}},"5":{"start":{"line":6,"column":0},"end":{"line":6,"column":44}},"6":{"start":{"line":7,"column":0},"end":{"line":7,"column":0}},"7":{"start":{"line":8,"column":0},"end":{"line":8,"column":3}},"8":{"start":{"line":9,"column":0},"end":{"line":9,"column":24}},"9":{"start":{"line":10,"column":0},"end":{"line":10,"column":2}},"10":{"start":{"line":11,"column":0},"end":{"line":11,"column":3}},"11":{"start":{"line":12,"column":0},"end":{"line":12,"column":36}},"12":{"start":{"line":13,"column":0},"end":{"line":13,"column":33}},"13":{"start":{"line":14,"column":0},"end":{"line":14,"column":33}},"14":{"start":{"line":15,"column":0},"end":{"line":15,"column":35}},"15":{"start":{"line":16,"column":0},"end":{"line":16,"column":29}},"16":{"start":{"line":17,"column":0},"end":{"line":17,"column":29}},"17":{"start":{"line":18,"column":0},"end":{"line":18,"column":31}},"18":{"start":{"line":19,"column":0},"end":{"line":19,"column":2}},"19":{"start":{"line":20,"column":0},"end":{"line":20,"column":3}},"20":{"start":{"line":21,"column":0},"end":{"line":21,"column":21}},"21":{"start":{"line":22,"column":0},"end":{"line":22,"column":3}},"22":{"start":{"line":23,"column":0},"end":{"line":23,"column":57}},"23":{"start":{"line":24,"column":0},"end":{"line":24,"column":40}},"24":{"start":{"line":25,"column":0},"end":{"line":25,"column":40}},"25":{"start":{"line":26,"column":0},"end":{"line":26,"column":25}},"26":{"start":{"line":27,"column":0},"end":{"line":27,"column":27}},"27":{"start":{"line":28,"column":0},"end":{"line":28,"column":2}},"28":{"start":{"line":29,"column":0},"end":{"line":29,"column":0}},"29":{"start":{"line":30,"column":0},"end":{"line":30,"column":25}},"30":{"start":{"line":31,"column":0},"end":{"line":31,"column":25}},"31":{"start":{"line":32,"column":0},"end":{"line":32,"column":26}},"32":{"start":{"line":33,"column":0},"end":{"line":33,"column":23}},"33":{"start":{"line":34,"column":0},"end":{"line":34,"column":23}},"34":{"start":{"line":35,"column":0},"end":{"line":35,"column":24}},"35":{"start":{"line":36,"column":0},"end":{"line":36,"column":24}}},"s":{"0":1,"1":1,"2":1,"3":1,"4":1,"5":1,"6":1,"7":1,"8":1,"9":1,"10":1,"11":1,"12":1,"13":1,"14":1,"15":1,"16":1,"17":1,"18":1,"19":1,"20":1,"21":1,"22":1,"23":1,"24":1,"25":1,"26":1,"27":1,"28":1,"29":1,"30":1,"31":1,"32":1,"33":1,"34":1,"35":1},"branchMap":{},"b":{},"fnMap":{},"f":{}}
,"D:\\develop\\mymock\\src\\utils\\number.ts": {"path":"D:\\develop\\mymock\\src\\utils\\number.ts","all":false,"statementMap":{"0":{"start":{"line":1,"column":0},"end":{"line":1,"column":48}},"1":{"start":{"line":2,"column":0},"end":{"line":2,"column":113}},"2":{"start":{"line":3,"column":0},"end":{"line":3,"column":0}},"3":{"start":{"line":4,"column":0},"end":{"line":4,"column":3}},"4":{"start":{"line":5,"column":0},"end":{"line":5,"column":21}},"5":{"start":{"line":6,"column":0},"end":{"line":6,"column":29}},"6":{"start":{"line":7,"column":0},"end":{"line":7,"column":15}},"7":{"start":{"line":8,"column":0},"end":{"line":8,"column":11}},"8":{"start":{"line":9,"column":0},"end":{"line":9,"column":87}},"9":{"start":{"line":10,"column":0},"end":{"line":10,"column":63}},"10":{"start":{"line":11,"column":0},"end":{"line":11,"column":40}},"11":{"start":{"line":12,"column":0},"end":{"line":12,"column":3}},"12":{"start":{"line":13,"column":0},"end":{"line":13,"column":89}},"13":{"start":{"line":14,"column":0},"end":{"line":14,"column":60}},"14":{"start":{"line":15,"column":0},"end":{"line":15,"column":0}},"15":{"start":{"line":16,"column":0},"end":{"line":16,"column":24}},"16":{"start":{"line":17,"column":0},"end":{"line":17,"column":64}},"17":{"start":{"line":18,"column":0},"end":{"line":18,"column":12}},"18":{"start":{"line":19,"column":0},"end":{"line":19,"column":51}},"19":{"start":{"line":20,"column":0},"end":{"line":20,"column":5}},"20":{"start":{"line":21,"column":0},"end":{"line":21,"column":1}},"21":{"start":{"line":22,"column":0},"end":{"line":22,"column":0}},"22":{"start":{"line":23,"column":0},"end":{"line":23,"column":3}},"23":{"start":{"line":24,"column":0},"end":{"line":24,"column":22}},"24":{"start":{"line":25,"column":0},"end":{"line":25,"column":29}},"25":{"start":{"line":26,"column":0},"end":{"line":26,"column":11}},"26":{"start":{"line":27,"column":0},"end":{"line":27,"column":11}},"27":{"start":{"line":28,"column":0},"end":{"line":28,"column":64}},"28":{"start":{"line":29,"column":0},"end":{"line":29,"column":3}},"29":{"start":{"line":30,"column":0},"end":{"line":30,"column":91}},"30":{"start":{"line":31,"column":0},"end":{"line":31,"column":52}},"31":{"start":{"line":32,"column":0},"end":{"line":32,"column":74}},"32":{"start":{"line":33,"column":0},"end":{"line":33,"column":61}},"33":{"start":{"line":34,"column":0},"end":{"line":34,"column":1}},"34":{"start":{"line":35,"column":0},"end":{"line":35,"column":0}},"35":{"start":{"line":36,"column":0},"end":{"line":36,"column":3}},"36":{"start":{"line":37,"column":0},"end":{"line":37,"column":22}},"37":{"start":{"line":38,"column":0},"end":{"line":38,"column":29}},"38":{"start":{"line":39,"column":0},"end":{"line":39,"column":11}},"39":{"start":{"line":40,"column":0},"end":{"line":40,"column":11}},"40":{"start":{"line":41,"column":0},"end":{"line":41,"column":91}},"41":{"start":{"line":42,"column":0},"end":{"line":42,"column":3}},"42":{"start":{"line":43,"column":0},"end":{"line":43,"column":102}},"43":{"start":{"line":44,"column":0},"end":{"line":44,"column":52}},"44":{"start":{"line":45,"column":0},"end":{"line":45,"column":74}},"45":{"start":{"line":46,"column":0},"end":{"line":46,"column":92}},"46":{"start":{"line":47,"column":0},"end":{"line":47,"column":53}},"47":{"start":{"line":48,"column":0},"end":{"line":48,"column":53}},"48":{"start":{"line":49,"column":0},"end":{"line":49,"column":1}}},"s":{"0":1,"1":1,"2":1,"3":1,"4":1,"5":1,"6":1,"7":1,"8":1,"9":1,"10":1,"11":1,"12":1,"13":13,"14":13,"15":13,"16":2,"17":13,"18":11,"19":11,"20":13,"21":1,"22":1,"23":1,"24":1,"25":1,"26":1,"27":1,"28":1,"29":1,"30":15,"31":15,"32":12,"33":12,"34":1,"35":1,"36":1,"37":1,"38":1,"39":1,"40":1,"41":1,"42":1,"43":7,"44":7,"45":7,"46":3,"47":3,"48":3},"branchMap":{"0":{"type":"branch","line":13,"loc":{"start":{"line":13,"column":7},"end":{"line":21,"column":1}},"locations":[{"start":{"line":13,"column":7},"end":{"line":21,"column":1}}]},"1":{"type":"branch","line":16,"loc":{"start":{"line":16,"column":23},"end":{"line":18,"column":11}},"locations":[{"start":{"line":16,"column":23},"end":{"line":18,"column":11}}]},"2":{"type":"branch","line":18,"loc":{"start":{"line":18,"column":4},"end":{"line":20,"column":5}},"locations":[{"start":{"line":18,"column":4},"end":{"line":20,"column":5}}]},"3":{"type":"branch","line":30,"loc":{"start":{"line":30,"column":7},"end":{"line":34,"column":1}},"locations":[{"start":{"line":30,"column":7},"end":{"line":34,"column":1}}]},"4":{"type":"branch","line":31,"loc":{"start":{"line":31,"column":20},"end":{"line":31,"column":52}},"locations":[{"start":{"line":31,"column":20},"end":{"line":31,"column":52}}]},"5":{"type":"branch","line":31,"loc":{"start":{"line":31,"column":50},"end":{"line":32,"column":26}},"locations":[{"start":{"line":31,"column":50},"end":{"line":32,"column":26}}]},"6":{"type":"branch","line":32,"loc":{"start":{"line":32,"column":21},"end":{"line":32,"column":42}},"locations":[{"start":{"line":32,"column":21},"end":{"line":32,"column":42}}]},"7":{"type":"branch","line":32,"loc":{"start":{"line":32,"column":42},"end":{"line":32,"column":74}},"locations":[{"start":{"line":32,"column":42},"end":{"line":32,"column":74}}]},"8":{"type":"branch","line":32,"loc":{"start":{"line":32,"column":72},"end":{"line":34,"column":1}},"locations":[{"start":{"line":32,"column":72},"end":{"line":34,"column":1}}]},"9":{"type":"branch","line":43,"loc":{"start":{"line":43,"column":7},"end":{"line":49,"column":1}},"locations":[{"start":{"line":43,"column":7},"end":{"line":49,"column":1}}]},"10":{"type":"branch","line":44,"loc":{"start":{"line":44,"column":20},"end":{"line":44,"column":52}},"locations":[{"start":{"line":44,"column":20},"end":{"line":44,"column":52}}]},"11":{"type":"branch","line":44,"loc":{"start":{"line":44,"column":50},"end":{"line":45,"column":26}},"locations":[{"start":{"line":44,"column":50},"end":{"line":45,"column":26}}]},"12":{"type":"branch","line":45,"loc":{"start":{"line":45,"column":21},"end":{"line":45,"column":42}},"locations":[{"start":{"line":45,"column":21},"end":{"line":45,"column":42}}]},"13":{"type":"branch","line":45,"loc":{"start":{"line":45,"column":42},"end":{"line":45,"column":74}},"locations":[{"start":{"line":45,"column":42},"end":{"line":45,"column":74}}]},"14":{"type":"branch","line":45,"loc":{"start":{"line":45,"column":72},"end":{"line":46,"column":37}},"locations":[{"start":{"line":45,"column":72},"end":{"line":46,"column":37}}]},"15":{"type":"branch","line":46,"loc":{"start":{"line":46,"column":32},"end":{"line":46,"column":57}},"locations":[{"start":{"line":46,"column":32},"end":{"line":46,"column":57}}]},"16":{"type":"branch","line":46,"loc":{"start":{"line":46,"column":57},"end":{"line":46,"column":92}},"locations":[{"start":{"line":46,"column":57},"end":{"line":46,"column":92}}]},"17":{"type":"branch","line":46,"loc":{"start":{"line":46,"column":90},"end":{"line":49,"column":1}},"locations":[{"start":{"line":46,"column":90},"end":{"line":49,"column":1}}]}},"b":{"0":[13],"1":[2],"2":[11],"3":[15],"4":[1],"5":[14],"6":[13],"7":[2],"8":[12],"9":[7],"10":[1],"11":[6],"12":[5],"13":[2],"14":[4],"15":[1],"16":[1],"17":[3]},"fnMap":{"0":{"name":"generateRandomNumber","decl":{"start":{"line":13,"column":7},"end":{"line":21,"column":1}},"loc":{"start":{"line":13,"column":7},"end":{"line":21,"column":1}},"line":13},"1":{"name":"generateRandomInteger","decl":{"start":{"line":30,"column":7},"end":{"line":34,"column":1}},"loc":{"start":{"line":30,"column":7},"end":{"line":34,"column":1}},"line":30},"2":{"name":"generateRandomFloat","decl":{"start":{"line":43,"column":7},"end":{"line":49,"column":1}},"loc":{"start":{"line":43,"column":7},"end":{"line":49,"column":1}},"line":43}},"f":{"0":13,"1":15,"2":7}}
,"D:\\develop\\mymock\\src\\utils\\parse.ts": {"path":"D:\\develop\\mymock\\src\\utils\\parse.ts","all":false,"statementMap":{"0":{"start":{"line":1,"column":0},"end":{"line":1,"column":57}},"1":{"start":{"line":2,"column":0},"end":{"line":2,"column":0}},"2":{"start":{"line":3,"column":0},"end":{"line":3,"column":3}},"3":{"start":{"line":4,"column":0},"end":{"line":4,"column":31}},"4":{"start":{"line":5,"column":0},"end":{"line":5,"column":29}},"5":{"start":{"line":6,"column":0},"end":{"line":6,"column":25}},"6":{"start":{"line":7,"column":0},"end":{"line":7,"column":11}},"7":{"start":{"line":8,"column":0},"end":{"line":8,"column":82}},"8":{"start":{"line":9,"column":0},"end":{"line":9,"column":76}},"9":{"start":{"line":10,"column":0},"end":{"line":10,"column":54}},"10":{"start":{"line":11,"column":0},"end":{"line":11,"column":3}},"11":{"start":{"line":12,"column":0},"end":{"line":12,"column":43}},"12":{"start":{"line":13,"column":0},"end":{"line":13,"column":47}},"13":{"start":{"line":14,"column":0},"end":{"line":14,"column":52}},"14":{"start":{"line":15,"column":0},"end":{"line":15,"column":63}},"15":{"start":{"line":16,"column":0},"end":{"line":16,"column":0}},"16":{"start":{"line":17,"column":0},"end":{"line":17,"column":50}},"17":{"start":{"line":18,"column":0},"end":{"line":18,"column":23}},"18":{"start":{"line":19,"column":0},"end":{"line":19,"column":20}},"19":{"start":{"line":20,"column":0},"end":{"line":20,"column":49}},"20":{"start":{"line":21,"column":0},"end":{"line":21,"column":51}},"21":{"start":{"line":22,"column":0},"end":{"line":22,"column":59}},"22":{"start":{"line":23,"column":0},"end":{"line":23,"column":14}},"23":{"start":{"line":24,"column":0},"end":{"line":24,"column":10}},"24":{"start":{"line":25,"column":0},"end":{"line":25,"column":23}},"25":{"start":{"line":26,"column":0},"end":{"line":26,"column":20}},"26":{"start":{"line":27,"column":0},"end":{"line":27,"column":52}},"27":{"start":{"line":28,"column":0},"end":{"line":28,"column":57}},"28":{"start":{"line":29,"column":0},"end":{"line":29,"column":14}},"29":{"start":{"line":30,"column":0},"end":{"line":30,"column":10}},"30":{"start":{"line":31,"column":0},"end":{"line":31,"column":24}},"31":{"start":{"line":32,"column":0},"end":{"line":32,"column":20}},"32":{"start":{"line":33,"column":0},"end":{"line":33,"column":52}},"33":{"start":{"line":34,"column":0},"end":{"line":34,"column":14}},"34":{"start":{"line":35,"column":0},"end":{"line":35,"column":10}},"35":{"start":{"line":36,"column":0},"end":{"line":36,"column":21}},"36":{"start":{"line":37,"column":0},"end":{"line":37,"column":20}},"37":{"start":{"line":38,"column":0},"end":{"line":38,"column":55}},"38":{"start":{"line":39,"column":0},"end":{"line":39,"column":14}},"39":{"start":{"line":40,"column":0},"end":{"line":40,"column":10}},"40":{"start":{"line":41,"column":0},"end":{"line":41,"column":21}},"41":{"start":{"line":42,"column":0},"end":{"line":42,"column":20}},"42":{"start":{"line":43,"column":0},"end":{"line":43,"column":53}},"43":{"start":{"line":44,"column":0},"end":{"line":44,"column":14}},"44":{"start":{"line":45,"column":0},"end":{"line":45,"column":10}},"45":{"start":{"line":46,"column":0},"end":{"line":46,"column":6}},"46":{"start":{"line":47,"column":0},"end":{"line":47,"column":0}},"47":{"start":{"line":48,"column":0},"end":{"line":48,"column":83}},"48":{"start":{"line":49,"column":0},"end":{"line":49,"column":41}},"49":{"start":{"line":50,"column":0},"end":{"line":50,"column":51}},"50":{"start":{"line":51,"column":0},"end":{"line":51,"column":5}},"51":{"start":{"line":52,"column":0},"end":{"line":52,"column":62}},"52":{"start":{"line":53,"column":0},"end":{"line":53,"column":1}},"53":{"start":{"line":54,"column":0},"end":{"line":54,"column":3}},"54":{"start":{"line":55,"column":0},"end":{"line":55,"column":24}},"55":{"start":{"line":56,"column":0},"end":{"line":56,"column":29}},"56":{"start":{"line":57,"column":0},"end":{"line":57,"column":18}},"57":{"start":{"line":58,"column":0},"end":{"line":58,"column":126}},"58":{"start":{"line":59,"column":0},"end":{"line":59,"column":112}},"59":{"start":{"line":60,"column":0},"end":{"line":60,"column":116}},"60":{"start":{"line":61,"column":0},"end":{"line":61,"column":99}},"61":{"start":{"line":62,"column":0},"end":{"line":62,"column":111}},"62":{"start":{"line":63,"column":0},"end":{"line":63,"column":107}},"63":{"start":{"line":64,"column":0},"end":{"line":64,"column":3}},"64":{"start":{"line":65,"column":0},"end":{"line":65,"column":63}},"65":{"start":{"line":66,"column":0},"end":{"line":66,"column":33}},"66":{"start":{"line":67,"column":0},"end":{"line":67,"column":37}},"67":{"start":{"line":68,"column":0},"end":{"line":68,"column":17}},"68":{"start":{"line":69,"column":0},"end":{"line":69,"column":19}},"69":{"start":{"line":70,"column":0},"end":{"line":70,"column":6}},"70":{"start":{"line":71,"column":0},"end":{"line":71,"column":0}},"71":{"start":{"line":72,"column":0},"end":{"line":72,"column":11}},"72":{"start":{"line":73,"column":0},"end":{"line":73,"column":39}},"73":{"start":{"line":74,"column":0},"end":{"line":74,"column":23}},"74":{"start":{"line":75,"column":0},"end":{"line":75,"column":0}},"75":{"start":{"line":76,"column":0},"end":{"line":76,"column":17}},"76":{"start":{"line":77,"column":0},"end":{"line":77,"column":39}},"77":{"start":{"line":78,"column":0},"end":{"line":78,"column":15}},"78":{"start":{"line":79,"column":0},"end":{"line":79,"column":18}},"79":{"start":{"line":80,"column":0},"end":{"line":80,"column":1}}},"s":{"0":1,"1":1,"2":1,"3":1,"4":1,"5":1,"6":1,"7":1,"8":1,"9":1,"10":1,"11":1,"12":23,"13":23,"14":23,"15":23,"16":23,"17":23,"18":6,"19":6,"20":6,"21":6,"22":6,"23":6,"24":23,"25":6,"26":6,"27":6,"28":6,"29":6,"30":23,"31":3,"32":3,"33":3,"34":3,"35":23,"36":3,"37":3,"38":3,"39":3,"40":23,"41":3,"42":3,"43":3,"44":3,"45":23,"46":23,"47":23,"48":1,"49":1,"50":1,"51":23,"52":23,"53":1,"54":1,"55":1,"56":1,"57":1,"58":1,"59":1,"60":1,"61":1,"62":1,"63":1,"64":1,"65":23,"66":23,"67":23,"68":23,"69":23,"70":23,"71":23,"72":23,"73":23,"74":23,"75":23,"76":23,"77":23,"78":23,"79":23},"branchMap":{"0":{"type":"branch","line":12,"loc":{"start":{"line":12,"column":42},"end":{"line":53,"column":1}},"locations":[{"start":{"line":12,"column":42},"end":{"line":53,"column":1}}]},"1":{"type":"branch","line":48,"loc":{"start":{"line":48,"column":46},"end":{"line":48,"column":82}},"locations":[{"start":{"line":48,"column":46},"end":{"line":48,"column":82}}]},"2":{"type":"branch","line":48,"loc":{"start":{"line":48,"column":82},"end":{"line":51,"column":5}},"locations":[{"start":{"line":48,"column":82},"end":{"line":51,"column":5}}]},"3":{"type":"branch","line":51,"loc":{"start":{"line":51,"column":4},"end":{"line":52,"column":30}},"locations":[{"start":{"line":51,"column":4},"end":{"line":52,"column":30}}]},"4":{"type":"branch","line":52,"loc":{"start":{"line":52,"column":26},"end":{"line":52,"column":59}},"locations":[{"start":{"line":52,"column":26},"end":{"line":52,"column":59}}]},"5":{"type":"branch","line":52,"loc":{"start":{"line":52,"column":55},"end":{"line":52,"column":62}},"locations":[{"start":{"line":52,"column":55},"end":{"line":52,"column":62}}]},"6":{"type":"branch","line":18,"loc":{"start":{"line":18,"column":16},"end":{"line":24,"column":10}},"locations":[{"start":{"line":18,"column":16},"end":{"line":24,"column":10}}]},"7":{"type":"branch","line":20,"loc":{"start":{"line":20,"column":21},"end":{"line":20,"column":47}},"locations":[{"start":{"line":20,"column":21},"end":{"line":20,"column":47}}]},"8":{"type":"branch","line":20,"loc":{"start":{"line":20,"column":43},"end":{"line":20,"column":49}},"locations":[{"start":{"line":20,"column":43},"end":{"line":20,"column":49}}]},"9":{"type":"branch","line":21,"loc":{"start":{"line":21,"column":21},"end":{"line":21,"column":47}},"locations":[{"start":{"line":21,"column":21},"end":{"line":21,"column":47}}]},"10":{"type":"branch","line":21,"loc":{"start":{"line":21,"column":43},"end":{"line":21,"column":51}},"locations":[{"start":{"line":21,"column":43},"end":{"line":21,"column":51}}]},"11":{"type":"branch","line":22,"loc":{"start":{"line":22,"column":31},"end":{"line":22,"column":57}},"locations":[{"start":{"line":22,"column":31},"end":{"line":22,"column":57}}]},"12":{"type":"branch","line":22,"loc":{"start":{"line":22,"column":53},"end":{"line":22,"column":59}},"locations":[{"start":{"line":22,"column":53},"end":{"line":22,"column":59}}]},"13":{"type":"branch","line":25,"loc":{"start":{"line":25,"column":16},"end":{"line":30,"column":10}},"locations":[{"start":{"line":25,"column":16},"end":{"line":30,"column":10}}]},"14":{"type":"branch","line":27,"loc":{"start":{"line":27,"column":24},"end":{"line":27,"column":50}},"locations":[{"start":{"line":27,"column":24},"end":{"line":27,"column":50}}]},"15":{"type":"branch","line":27,"loc":{"start":{"line":27,"column":46},"end":{"line":27,"column":52}},"locations":[{"start":{"line":27,"column":46},"end":{"line":27,"column":52}}]},"16":{"type":"branch","line":28,"loc":{"start":{"line":28,"column":22},"end":{"line":28,"column":51}},"locations":[{"start":{"line":28,"column":22},"end":{"line":28,"column":51}}]},"17":{"type":"branch","line":28,"loc":{"start":{"line":28,"column":47},"end":{"line":28,"column":57}},"locations":[{"start":{"line":28,"column":47},"end":{"line":28,"column":57}}]},"18":{"type":"branch","line":31,"loc":{"start":{"line":31,"column":17},"end":{"line":35,"column":10}},"locations":[{"start":{"line":31,"column":17},"end":{"line":35,"column":10}}]},"19":{"type":"branch","line":33,"loc":{"start":{"line":33,"column":22},"end":{"line":33,"column":48}},"locations":[{"start":{"line":33,"column":22},"end":{"line":33,"column":48}}]},"20":{"type":"branch","line":33,"loc":{"start":{"line":33,"column":44},"end":{"line":33,"column":52}},"locations":[{"start":{"line":33,"column":44},"end":{"line":33,"column":52}}]},"21":{"type":"branch","line":36,"loc":{"start":{"line":36,"column":14},"end":{"line":40,"column":10}},"locations":[{"start":{"line":36,"column":14},"end":{"line":40,"column":10}}]},"22":{"type":"branch","line":38,"loc":{"start":{"line":38,"column":24},"end":{"line":38,"column":42}},"locations":[{"start":{"line":38,"column":24},"end":{"line":38,"column":42}}]},"23":{"type":"branch","line":38,"loc":{"start":{"line":38,"column":33},"end":{"line":38,"column":55}},"locations":[{"start":{"line":38,"column":33},"end":{"line":38,"column":55}}]},"24":{"type":"branch","line":41,"loc":{"start":{"line":41,"column":14},"end":{"line":45,"column":10}},"locations":[{"start":{"line":41,"column":14},"end":{"line":45,"column":10}}]},"25":{"type":"branch","line":43,"loc":{"start":{"line":43,"column":24},"end":{"line":43,"column":42}},"locations":[{"start":{"line":43,"column":24},"end":{"line":43,"column":42}}]},"26":{"type":"branch","line":43,"loc":{"start":{"line":43,"column":33},"end":{"line":43,"column":53}},"locations":[{"start":{"line":43,"column":33},"end":{"line":43,"column":53}}]},"27":{"type":"branch","line":65,"loc":{"start":{"line":65,"column":7},"end":{"line":80,"column":1}},"locations":[{"start":{"line":65,"column":7},"end":{"line":80,"column":1}}]}},"b":{"0":[23],"1":[2],"2":[1],"3":[22],"4":[21],"5":[1],"6":[6],"7":[5],"8":[1],"9":[5],"10":[1],"11":[5],"12":[1],"13":[6],"14":[5],"15":[1],"16":[5],"17":[1],"18":[3],"19":[2],"20":[1],"21":[3],"22":[2],"23":[1],"24":[3],"25":[2],"26":[1],"27":[23]},"fnMap":{"0":{"name":"getParams","decl":{"start":{"line":12,"column":42},"end":{"line":53,"column":1}},"loc":{"start":{"line":12,"column":42},"end":{"line":53,"column":1}},"line":12},"1":{"name":"number","decl":{"start":{"line":18,"column":16},"end":{"line":24,"column":10}},"loc":{"start":{"line":18,"column":16},"end":{"line":24,"column":10}},"line":18},"2":{"name":"string","decl":{"start":{"line":25,"column":16},"end":{"line":30,"column":10}},"loc":{"start":{"line":25,"column":16},"end":{"line":30,"column":10}},"line":25},"3":{"name":"boolean","decl":{"start":{"line":31,"column":17},"end":{"line":35,"column":10}},"loc":{"start":{"line":31,"column":17},"end":{"line":35,"column":10}},"line":31},"4":{"name":"date","decl":{"start":{"line":36,"column":14},"end":{"line":40,"column":10}},"loc":{"start":{"line":36,"column":14},"end":{"line":40,"column":10}},"line":36},"5":{"name":"time","decl":{"start":{"line":41,"column":14},"end":{"line":45,"column":10}},"loc":{"start":{"line":41,"column":14},"end":{"line":45,"column":10}},"line":41},"6":{"name":"parse","decl":{"start":{"line":65,"column":7},"end":{"line":80,"column":1}},"loc":{"start":{"line":65,"column":7},"end":{"line":80,"column":1}},"line":65}},"f":{"0":23,"1":6,"2":6,"3":3,"4":3,"5":3,"6":23}}
,"D:\\develop\\mymock\\src\\utils\\string.ts": {"path":"D:\\develop\\mymock\\src\\utils\\string.ts","all":false,"statementMap":{"0":{"start":{"line":1,"column":0},"end":{"line":1,"column":37}},"1":{"start":{"line":2,"column":0},"end":{"line":2,"column":55}},"2":{"start":{"line":3,"column":0},"end":{"line":3,"column":37}},"3":{"start":{"line":4,"column":0},"end":{"line":4,"column":0}},"4":{"start":{"line":5,"column":0},"end":{"line":5,"column":3}},"5":{"start":{"line":6,"column":0},"end":{"line":6,"column":23}},"6":{"start":{"line":7,"column":0},"end":{"line":7,"column":29}},"7":{"start":{"line":8,"column":0},"end":{"line":8,"column":17}},"8":{"start":{"line":9,"column":0},"end":{"line":9,"column":11}},"9":{"start":{"line":10,"column":0},"end":{"line":10,"column":158}},"10":{"start":{"line":11,"column":0},"end":{"line":11,"column":130}},"11":{"start":{"line":12,"column":0},"end":{"line":12,"column":144}},"12":{"start":{"line":13,"column":0},"end":{"line":13,"column":136}},"13":{"start":{"line":14,"column":0},"end":{"line":14,"column":3}},"14":{"start":{"line":15,"column":0},"end":{"line":15,"column":89}},"15":{"start":{"line":16,"column":0},"end":{"line":16,"column":76}},"16":{"start":{"line":17,"column":0},"end":{"line":17,"column":21}},"17":{"start":{"line":18,"column":0},"end":{"line":18,"column":20}},"18":{"start":{"line":19,"column":0},"end":{"line":19,"column":0}},"19":{"start":{"line":20,"column":0},"end":{"line":20,"column":30}},"20":{"start":{"line":21,"column":0},"end":{"line":21,"column":28}},"21":{"start":{"line":22,"column":0},"end":{"line":22,"column":30}},"22":{"start":{"line":23,"column":0},"end":{"line":23,"column":35}},"23":{"start":{"line":24,"column":0},"end":{"line":24,"column":91}},"24":{"start":{"line":25,"column":0},"end":{"line":25,"column":35}},"25":{"start":{"line":26,"column":0},"end":{"line":26,"column":11}},"26":{"start":{"line":27,"column":0},"end":{"line":27,"column":12}},"27":{"start":{"line":28,"column":0},"end":{"line":28,"column":26}},"28":{"start":{"line":29,"column":0},"end":{"line":29,"column":87}},"29":{"start":{"line":30,"column":0},"end":{"line":30,"column":29}},"30":{"start":{"line":31,"column":0},"end":{"line":31,"column":23}},"31":{"start":{"line":32,"column":0},"end":{"line":32,"column":52}},"32":{"start":{"line":33,"column":0},"end":{"line":33,"column":16}},"33":{"start":{"line":34,"column":0},"end":{"line":34,"column":22}},"34":{"start":{"line":35,"column":0},"end":{"line":35,"column":34}},"35":{"start":{"line":36,"column":0},"end":{"line":36,"column":9}},"36":{"start":{"line":37,"column":0},"end":{"line":37,"column":5}},"37":{"start":{"line":38,"column":0},"end":{"line":38,"column":0}},"38":{"start":{"line":39,"column":0},"end":{"line":39,"column":22}},"39":{"start":{"line":40,"column":0},"end":{"line":40,"column":38}},"40":{"start":{"line":41,"column":0},"end":{"line":41,"column":46}},"41":{"start":{"line":42,"column":0},"end":{"line":42,"column":5}},"42":{"start":{"line":43,"column":0},"end":{"line":43,"column":18}},"43":{"start":{"line":44,"column":0},"end":{"line":44,"column":1}},"44":{"start":{"line":45,"column":0},"end":{"line":45,"column":0}},"45":{"start":{"line":46,"column":0},"end":{"line":46,"column":3}},"46":{"start":{"line":47,"column":0},"end":{"line":47,"column":22}},"47":{"start":{"line":48,"column":0},"end":{"line":48,"column":22}},"48":{"start":{"line":49,"column":0},"end":{"line":49,"column":16}},"49":{"start":{"line":50,"column":0},"end":{"line":50,"column":11}},"50":{"start":{"line":51,"column":0},"end":{"line":51,"column":51}},"51":{"start":{"line":52,"column":0},"end":{"line":52,"column":67}},"52":{"start":{"line":53,"column":0},"end":{"line":53,"column":81}},"53":{"start":{"line":54,"column":0},"end":{"line":54,"column":39}},"54":{"start":{"line":55,"column":0},"end":{"line":55,"column":42}},"55":{"start":{"line":56,"column":0},"end":{"line":56,"column":3}},"56":{"start":{"line":57,"column":0},"end":{"line":57,"column":62}},"57":{"start":{"line":58,"column":0},"end":{"line":58,"column":58}},"58":{"start":{"line":59,"column":0},"end":{"line":59,"column":58}},"59":{"start":{"line":60,"column":0},"end":{"line":60,"column":0}},"60":{"start":{"line":61,"column":0},"end":{"line":61,"column":72}},"61":{"start":{"line":62,"column":0},"end":{"line":62,"column":1}}},"s":{"0":1,"1":1,"2":1,"3":1,"4":1,"5":1,"6":1,"7":1,"8":1,"9":1,"10":1,"11":1,"12":1,"13":1,"14":1,"15":10,"16":10,"17":10,"18":10,"19":10,"20":6,"21":6,"22":7,"23":7,"24":6,"25":6,"26":10,"27":4,"28":4,"29":4,"30":2,"31":2,"32":2,"33":1,"34":1,"35":1,"36":4,"37":8,"38":8,"39":10,"40":231,"41":231,"42":8,"43":8,"44":1,"45":1,"46":1,"47":1,"48":1,"49":1,"50":1,"51":1,"52":1,"53":1,"54":1,"55":1,"56":1,"57":234,"58":234,"59":232,"60":232,"61":232},"branchMap":{"0":{"type":"branch","line":15,"loc":{"start":{"line":15,"column":7},"end":{"line":44,"column":1}},"locations":[{"start":{"line":15,"column":7},"end":{"line":44,"column":1}}]},"1":{"type":"branch","line":20,"loc":{"start":{"line":20,"column":29},"end":{"line":27,"column":11}},"locations":[{"start":{"line":20,"column":29},"end":{"line":27,"column":11}}]},"2":{"type":"branch","line":27,"loc":{"start":{"line":27,"column":4},"end":{"line":37,"column":5}},"locations":[{"start":{"line":27,"column":4},"end":{"line":37,"column":5}}]},"3":{"type":"branch","line":29,"loc":{"start":{"line":29,"column":33},"end":{"line":29,"column":54}},"locations":[{"start":{"line":29,"column":33},"end":{"line":29,"column":54}}]},"4":{"type":"branch","line":29,"loc":{"start":{"line":29,"column":54},"end":{"line":29,"column":87}},"locations":[{"start":{"line":29,"column":54},"end":{"line":29,"column":87}}]},"5":{"type":"branch","line":29,"loc":{"start":{"line":29,"column":85},"end":{"line":30,"column":28}},"locations":[{"start":{"line":29,"column":85},"end":{"line":30,"column":28}}]},"6":{"type":"branch","line":30,"loc":{"start":{"line":30,"column":28},"end":{"line":36,"column":9}},"locations":[{"start":{"line":30,"column":28},"end":{"line":36,"column":9}}]},"7":{"type":"branch","line":33,"loc":{"start":{"line":33,"column":8},"end":{"line":36,"column":9}},"locations":[{"start":{"line":33,"column":8},"end":{"line":36,"column":9}}]},"8":{"type":"branch","line":37,"loc":{"start":{"line":37,"column":4},"end":{"line":40,"column":37}},"locations":[{"start":{"line":37,"column":4},"end":{"line":40,"column":37}}]},"9":{"type":"branch","line":40,"loc":{"start":{"line":40,"column":37},"end":{"line":42,"column":5}},"locations":[{"start":{"line":40,"column":37},"end":{"line":42,"column":5}}]},"10":{"type":"branch","line":42,"loc":{"start":{"line":42,"column":4},"end":{"line":44,"column":1}},"locations":[{"start":{"line":42,"column":4},"end":{"line":44,"column":1}}]},"11":{"type":"branch","line":22,"loc":{"start":{"line":22,"column":21},"end":{"line":26,"column":9}},"locations":[{"start":{"line":22,"column":21},"end":{"line":26,"column":9}}]},"12":{"type":"branch","line":24,"loc":{"start":{"line":24,"column":58},"end":{"line":24,"column":91}},"locations":[{"start":{"line":24,"column":58},"end":{"line":24,"column":91}}]},"13":{"type":"branch","line":24,"loc":{"start":{"line":24,"column":89},"end":{"line":25,"column":35}},"locations":[{"start":{"line":24,"column":89},"end":{"line":25,"column":35}}]},"14":{"type":"branch","line":57,"loc":{"start":{"line":57,"column":7},"end":{"line":62,"column":1}},"locations":[{"start":{"line":57,"column":7},"end":{"line":62,"column":1}}]},"15":{"type":"branch","line":58,"loc":{"start":{"line":58,"column":29},"end":{"line":58,"column":58}},"locations":[{"start":{"line":58,"column":29},"end":{"line":58,"column":58}}]},"16":{"type":"branch","line":58,"loc":{"start":{"line":58,"column":56},"end":{"line":59,"column":37}},"locations":[{"start":{"line":58,"column":56},"end":{"line":59,"column":37}}]},"17":{"type":"branch","line":59,"loc":{"start":{"line":59,"column":31},"end":{"line":59,"column":58}},"locations":[{"start":{"line":59,"column":31},"end":{"line":59,"column":58}}]},"18":{"type":"branch","line":59,"loc":{"start":{"line":59,"column":56},"end":{"line":62,"column":1}},"locations":[{"start":{"line":59,"column":56},"end":{"line":62,"column":1}}]}},"b":{"0":[10],"1":[6],"2":[4],"3":[3],"4":[1],"5":[3],"6":[2],"7":[1],"8":[8],"9":[231],"10":[8],"11":[7],"12":[1],"13":[6],"14":[234],"15":[1],"16":[233],"17":[1],"18":[232]},"fnMap":{"0":{"name":"generateRandomString","decl":{"start":{"line":15,"column":7},"end":{"line":44,"column":1}},"loc":{"start":{"line":15,"column":7},"end":{"line":44,"column":1}},"line":15},"1":{"name":"generateRandomChar","decl":{"start":{"line":57,"column":7},"end":{"line":62,"column":1}},"loc":{"start":{"line":57,"column":7},"end":{"line":62,"column":1}},"line":57}},"f":{"0":10,"1":234}}
,"D:\\develop\\mymock\\src\\utils\\time.ts": {"path":"D:\\develop\\mymock\\src\\utils\\time.ts","all":false,"statementMap":{"0":{"start":{"line":1,"column":0},"end":{"line":1,"column":26}},"1":{"start":{"line":2,"column":0},"end":{"line":2,"column":53}},"2":{"start":{"line":3,"column":0},"end":{"line":3,"column":0}},"3":{"start":{"line":4,"column":0},"end":{"line":4,"column":3}},"4":{"start":{"line":5,"column":0},"end":{"line":5,"column":22}},"5":{"start":{"line":6,"column":0},"end":{"line":6,"column":29}},"6":{"start":{"line":7,"column":0},"end":{"line":7,"column":19}},"7":{"start":{"line":8,"column":0},"end":{"line":8,"column":11}},"8":{"start":{"line":9,"column":0},"end":{"line":9,"column":48}},"9":{"start":{"line":10,"column":0},"end":{"line":10,"column":52}},"10":{"start":{"line":11,"column":0},"end":{"line":11,"column":3}},"11":{"start":{"line":12,"column":0},"end":{"line":12,"column":80}},"12":{"start":{"line":13,"column":0},"end":{"line":13,"column":44}},"13":{"start":{"line":14,"column":0},"end":{"line":14,"column":54}},"14":{"start":{"line":15,"column":0},"end":{"line":15,"column":56}},"15":{"start":{"line":16,"column":0},"end":{"line":16,"column":56}},"16":{"start":{"line":17,"column":0},"end":{"line":17,"column":90}},"17":{"start":{"line":18,"column":0},"end":{"line":18,"column":0}},"18":{"start":{"line":19,"column":0},"end":{"line":19,"column":37}},"19":{"start":{"line":20,"column":0},"end":{"line":20,"column":1}}},"s":{"0":1,"1":1,"2":1,"3":1,"4":1,"5":1,"6":1,"7":1,"8":1,"9":1,"10":1,"11":1,"12":4,"13":4,"14":4,"15":4,"16":4,"17":4,"18":4,"19":4},"branchMap":{"0":{"type":"branch","line":12,"loc":{"start":{"line":12,"column":7},"end":{"line":20,"column":1}},"locations":[{"start":{"line":12,"column":7},"end":{"line":20,"column":1}}]}},"b":{"0":[4]},"fnMap":{"0":{"name":"generateRandomTime","decl":{"start":{"line":12,"column":7},"end":{"line":20,"column":1}},"loc":{"start":{"line":12,"column":7},"end":{"line":20,"column":1}},"line":12}},"f":{"0":4}}
}
